<?xml version="1.0" encoding="UTF-8"?>
<testsuite xmlns:xsi="http://www.w3.org/2001/XMLSchema-instance" xsi:noNamespaceSchemaLocation="https://maven.apache.org/surefire/maven-surefire-plugin/xsd/surefire-test-report.xsd" name="TestSuite" time="52.667" tests="26" errors="0" skipped="0" failures="11">
  <properties>
[...]
</properties>
  <testcase name="listApp" classname="devtols.AppTest" time="4.129">
    <failure type="java.lang.NullPointerException">java.lang.NullPointerException
	at devtols.AppTest.listApp(AppTest.java:10)
</failure>
    <system-out><![CDATA[[Warning] The regular expression "getInstance" didn't match any method in class work.WeworkConfigTest
[Warning] The regular expression "list" didn't match any method in class workweixin.DepartmentTest
[Warning] The regular expression "createByMap" didn't match any method in class workweixin.DepartmentTest
[Warning] The regular expression "createWithChinese" didn't match any method in class workweixin.DepartmentTest
[Warning] The regular expression "createWithCSV" didn't match any method in class workweixin.DepartmentTest
[Warning] The regular expression "delete" didn't match any method in class workweixin.DepartmentTest
[Warning] The regular expression "update" didn't match any method in class workweixin.DepartmentTest
[Warning] The regular expression "updateAll" didn't match any method in class workweixin.DepartmentTest
[Warning] The regular expression "deleteAll" didn't match any method in class workweixin.DepartmentTest
2020-11-27 09:15:17 [ main:0 ] - [ INFO ] workweixin.Api.getApiFromHar(Api.java:77) request:de.sstoehr.harreader.model.HarRequest@e29f25bc
2020-11-27 09:15:17 [ main:51 ] - [ INFO ] workweixin.Api.getApiFromHar(Api.java:92) method:post
2020-11-27 09:15:18 [ main:1307 ] - [ DEBUG ] org.apache.http.impl.conn.BasicClientConnectionManager.getConnection(BasicClientConnectionManager.java:158) Get connection for route {s}->https://qyapi.weixin.qq.com
2020-11-27 09:15:18 [ main:1364 ] - [ DEBUG ] org.apache.http.impl.conn.DefaultClientConnectionOperator.openConnection(DefaultClientConnectionOperator.java:174) Connecting to qyapi.weixin.qq.com:443
2020-11-27 09:15:18 [ main:1805 ] - [ DEBUG ] org.apache.http.client.protocol.RequestAddCookies.process(RequestAddCookies.java:122) CookieSpec selected: ignoreCookies
2020-11-27 09:15:19 [ main:1815 ] - [ DEBUG ] org.apache.http.client.protocol.RequestAuthCache.process(RequestAuthCache.java:75) Auth cache not set in the context
2020-11-27 09:15:19 [ main:1819 ] - [ DEBUG ] org.apache.http.client.protocol.RequestTargetAuthentication.process(RequestTargetAuthentication.java:78) Target auth state: UNCHALLENGED
2020-11-27 09:15:19 [ main:1826 ] - [ DEBUG ] org.apache.http.client.protocol.RequestProxyAuthentication.process(RequestProxyAuthentication.java:87) Proxy auth state: UNCHALLENGED
2020-11-27 09:15:19 [ main:1830 ] - [ DEBUG ] org.apache.http.impl.client.DefaultRequestDirector.tryExecute(DefaultRequestDirector.java:683) Attempt 1 to execute request
2020-11-27 09:15:19 [ main:1889 ] - [ DEBUG ] org.apache.http.impl.conn.DefaultClientConnection.sendRequestHeader(DefaultClientConnection.java:268) Sending request: GET /cgi-bin/gettoken?corpid=wwd6da61649bd66fea&corpsecret=1JPyY9GvPLZfpvxEDjok-Xt_9v7HIBYJhZUoO6EgNGY HTTP/1.1
2020-11-27 09:15:19 [ main:1898 ] - [ DEBUG ] org.apache.http.impl.conn.Wire.wire(Wire.java:72)  >> "GET /cgi-bin/gettoken?corpid=wwd6da61649bd66fea&corpsecret=1JPyY9GvPLZfpvxEDjok-Xt_9v7HIBYJhZUoO6EgNGY HTTP/1.1[\r][\n]"
2020-11-27 09:15:19 [ main:1907 ] - [ DEBUG ] org.apache.http.impl.conn.Wire.wire(Wire.java:72)  >> "Accept: */*[\r][\n]"
2020-11-27 09:15:19 [ main:1942 ] - [ DEBUG ] org.apache.http.impl.conn.Wire.wire(Wire.java:72)  >> "Host: qyapi.weixin.qq.com[\r][\n]"
2020-11-27 09:15:19 [ main:1946 ] - [ DEBUG ] org.apache.http.impl.conn.Wire.wire(Wire.java:72)  >> "Connection: Keep-Alive[\r][\n]"
2020-11-27 09:15:19 [ main:1950 ] - [ DEBUG ] org.apache.http.impl.conn.Wire.wire(Wire.java:72)  >> "User-Agent: Apache-HttpClient/4.3.6 (java 1.5)[\r][\n]"
2020-11-27 09:15:19 [ main:1957 ] - [ DEBUG ] org.apache.http.impl.conn.Wire.wire(Wire.java:72)  >> "Accept-Encoding: gzip,deflate[\r][\n]"
2020-11-27 09:15:19 [ main:1963 ] - [ DEBUG ] org.apache.http.impl.conn.Wire.wire(Wire.java:72)  >> "[\r][\n]"
2020-11-27 09:15:19 [ main:1965 ] - [ DEBUG ] org.apache.http.impl.conn.DefaultClientConnection.sendRequestHeader(DefaultClientConnection.java:272) >> GET /cgi-bin/gettoken?corpid=wwd6da61649bd66fea&corpsecret=1JPyY9GvPLZfpvxEDjok-Xt_9v7HIBYJhZUoO6EgNGY HTTP/1.1
2020-11-27 09:15:19 [ main:1997 ] - [ DEBUG ] org.apache.http.impl.conn.DefaultClientConnection.sendRequestHeader(DefaultClientConnection.java:275) >> Accept: */*
2020-11-27 09:15:19 [ main:2001 ] - [ DEBUG ] org.apache.http.impl.conn.DefaultClientConnection.sendRequestHeader(DefaultClientConnection.java:275) >> Host: qyapi.weixin.qq.com
2020-11-27 09:15:19 [ main:2005 ] - [ DEBUG ] org.apache.http.impl.conn.DefaultClientConnection.sendRequestHeader(DefaultClientConnection.java:275) >> Connection: Keep-Alive
2020-11-27 09:15:19 [ main:2009 ] - [ DEBUG ] org.apache.http.impl.conn.DefaultClientConnection.sendRequestHeader(DefaultClientConnection.java:275) >> User-Agent: Apache-HttpClient/4.3.6 (java 1.5)
2020-11-27 09:15:19 [ main:2034 ] - [ DEBUG ] org.apache.http.impl.conn.DefaultClientConnection.sendRequestHeader(DefaultClientConnection.java:275) >> Accept-Encoding: gzip,deflate
2020-11-27 09:15:19 [ main:2126 ] - [ DEBUG ] org.apache.http.impl.conn.Wire.wire(Wire.java:72)  << "HTTP/1.1 200 OK[\r][\n]"
2020-11-27 09:15:19 [ main:2149 ] - [ DEBUG ] org.apache.http.impl.conn.Wire.wire(Wire.java:72)  << "Server: nginx[\r][\n]"
2020-11-27 09:15:19 [ main:2154 ] - [ DEBUG ] org.apache.http.impl.conn.Wire.wire(Wire.java:72)  << "Date: Fri, 27 Nov 2020 01:15:19 GMT[\r][\n]"
2020-11-27 09:15:19 [ main:2157 ] - [ DEBUG ] org.apache.http.impl.conn.Wire.wire(Wire.java:72)  << "Content-Type: application/json; charset=UTF-8[\r][\n]"
2020-11-27 09:15:19 [ main:2161 ] - [ DEBUG ] org.apache.http.impl.conn.Wire.wire(Wire.java:72)  << "Content-Length: 277[\r][\n]"
2020-11-27 09:15:19 [ main:2164 ] - [ DEBUG ] org.apache.http.impl.conn.Wire.wire(Wire.java:72)  << "Connection: keep-alive[\r][\n]"
2020-11-27 09:15:19 [ main:2167 ] - [ DEBUG ] org.apache.http.impl.conn.Wire.wire(Wire.java:72)  << "Error-Code: 0[\r][\n]"
2020-11-27 09:15:19 [ main:2170 ] - [ DEBUG ] org.apache.http.impl.conn.Wire.wire(Wire.java:72)  << "Error-Msg: ok[\r][\n]"
2020-11-27 09:15:19 [ main:2212 ] - [ DEBUG ] org.apache.http.impl.conn.Wire.wire(Wire.java:72)  << "[\r][\n]"
2020-11-27 09:15:19 [ main:2217 ] - [ DEBUG ] org.apache.http.impl.conn.DefaultClientConnection.receiveResponseHeader(DefaultClientConnection.java:253) Receiving response: HTTP/1.1 200 OK
2020-11-27 09:15:19 [ main:2222 ] - [ DEBUG ] org.apache.http.impl.conn.DefaultClientConnection.receiveResponseHeader(DefaultClientConnection.java:256) << HTTP/1.1 200 OK
2020-11-27 09:15:19 [ main:2227 ] - [ DEBUG ] org.apache.http.impl.conn.DefaultClientConnection.receiveResponseHeader(DefaultClientConnection.java:259) << Server: nginx
2020-11-27 09:15:19 [ main:2230 ] - [ DEBUG ] org.apache.http.impl.conn.DefaultClientConnection.receiveResponseHeader(DefaultClientConnection.java:259) << Date: Fri, 27 Nov 2020 01:15:19 GMT
2020-11-27 09:15:19 [ main:2235 ] - [ DEBUG ] org.apache.http.impl.conn.DefaultClientConnection.receiveResponseHeader(DefaultClientConnection.java:259) << Content-Type: application/json; charset=UTF-8
2020-11-27 09:15:19 [ main:2285 ] - [ DEBUG ] org.apache.http.impl.conn.DefaultClientConnection.receiveResponseHeader(DefaultClientConnection.java:259) << Content-Length: 277
2020-11-27 09:15:19 [ main:2290 ] - [ DEBUG ] org.apache.http.impl.conn.DefaultClientConnection.receiveResponseHeader(DefaultClientConnection.java:259) << Connection: keep-alive
2020-11-27 09:15:19 [ main:2295 ] - [ DEBUG ] org.apache.http.impl.conn.DefaultClientConnection.receiveResponseHeader(DefaultClientConnection.java:259) << Error-Code: 0
2020-11-27 09:15:19 [ main:2299 ] - [ DEBUG ] org.apache.http.impl.conn.DefaultClientConnection.receiveResponseHeader(DefaultClientConnection.java:259) << Error-Msg: ok
2020-11-27 09:15:19 [ main:2307 ] - [ DEBUG ] org.apache.http.impl.client.DefaultRequestDirector.execute(DefaultRequestDirector.java:510) Connection can be kept alive indefinitely
2020-11-27 09:15:19 [ main:2335 ] - [ DEBUG ] io.restassured.internal.http.HTTPBuilder.parseResponse(HTTPBuilder.java:544) Parsing response as: application/json; charset=UTF-8
2020-11-27 09:15:19 [ main:2340 ] - [ DEBUG ] io.restassured.internal.http.HTTPBuilder.parseResponse(HTTPBuilder.java:547) Parsed data to instance of: class org.apache.http.conn.EofSensorInputStream
2020-11-27 09:15:19 [ main:2449 ] - [ DEBUG ] org.apache.http.impl.conn.Wire.wire(Wire.java:86)  << "{"errcode":0,"errmsg":"ok","access_token":"TqasCuXIkbeHiJ47yLRoDXWmAeq_4pT_Tkv_KqxDih2pZUgiUEDEiYZB-Ixw-lBqL4emkDB5P8gmUmCGBO26yiD3yt4aYxTXbLnV-ZoDREkcNOjoG6sliCUciy5dRw2u7cbExzm22m8UHOt1edOesWKacRt7B0DvK0PzG35pdTUveYnxzL3EvUuMq4QO4bd4zBm-uiKpjWWukrnr6ULQ2A","expires_in":7200}"
2020-11-27 09:15:19 [ main:2470 ] - [ DEBUG ] org.apache.http.impl.conn.BasicClientConnectionManager.releaseConnection(BasicClientConnectionManager.java:196) Releasing connection org.apache.http.impl.conn.ManagedClientConnectionImpl@4536a09a
2020-11-27 09:15:19 [ main:2552 ] - [ DEBUG ] org.apache.http.impl.conn.BasicClientConnectionManager.releaseConnection(BasicClientConnectionManager.java:221) Connection can be kept alive indefinitely
]]></system-out>
    <system-err><![CDATA[SLF4J: Class path contains multiple SLF4J bindings.
SLF4J: Found binding in [jar:file:/D:/appach/m2/repository/org/slf4j/slf4j-log4j12/1.7.2/slf4j-log4j12-1.7.2.jar!/org/slf4j/impl/StaticLoggerBinder.class]
SLF4J: Found binding in [jar:file:/D:/appach/m2/repository/ch/qos/logback/logback-classic/1.1.7/logback-classic-1.1.7.jar!/org/slf4j/impl/StaticLoggerBinder.class]
SLF4J: See http://www.slf4j.org/codes.html#multiple_bindings for an explanation.
SLF4J: Actual binding is of type [org.slf4j.impl.Log4jLoggerFactory]
java.lang.NullPointerException
	at workweixin.Api.lambda$getApiFromHar$1(Api.java:96)
	at java.util.ArrayList.forEach(ArrayList.java:1249)
	at workweixin.Api.getApiFromHar(Api.java:95)
	at workweixin.Api.getResponseFromHar(Api.java:47)
	at devtols.App.listApp(App.java:24)
	at devtols.AppTest.listApp(AppTest.java:10)
	at sun.reflect.NativeMethodAccessorImpl.invoke0(Native Method)
	at sun.reflect.NativeMethodAccessorImpl.invoke(NativeMethodAccessorImpl.java:62)
	at sun.reflect.DelegatingMethodAccessorImpl.invoke(DelegatingMethodAccessorImpl.java:43)
	at java.lang.reflect.Method.invoke(Method.java:498)
	at org.testng.internal.MethodInvocationHelper.invokeMethod(MethodInvocationHelper.java:104)
	at org.testng.internal.Invoker.invokeMethod(Invoker.java:645)
	at org.testng.internal.Invoker.invokeTestMethod(Invoker.java:851)
	at org.testng.internal.Invoker.invokeTestMethods(Invoker.java:1177)
	at org.testng.internal.TestMethodWorker.invokeTestMethods(TestMethodWorker.java:129)
	at org.testng.internal.TestMethodWorker.run(TestMethodWorker.java:112)
	at org.testng.TestRunner.privateRun(TestRunner.java:756)
	at org.testng.TestRunner.run(TestRunner.java:610)
	at org.testng.SuiteRunner.runTest(SuiteRunner.java:387)
	at org.testng.SuiteRunner.runSequentially(SuiteRunner.java:382)
	at org.testng.SuiteRunner.privateRun(SuiteRunner.java:340)
	at org.testng.SuiteRunner.run(SuiteRunner.java:289)
	at org.testng.SuiteRunnerWorker.runSuite(SuiteRunnerWorker.java:52)
	at org.testng.SuiteRunnerWorker.run(SuiteRunnerWorker.java:86)
	at org.testng.TestNG.runSuitesSequentially(TestNG.java:1293)
	at org.testng.TestNG.runSuitesLocally(TestNG.java:1218)
	at org.testng.TestNG.runSuites(TestNG.java:1133)
	at org.testng.TestNG.run(TestNG.java:1104)
	at org.apache.maven.surefire.testng.TestNGExecutor.run(TestNGExecutor.java:283)
	at org.apache.maven.surefire.testng.TestNGXmlTestSuite.execute(TestNGXmlTestSuite.java:75)
	at org.apache.maven.surefire.testng.TestNGProvider.invoke(TestNGProvider.java:120)
	at sun.reflect.NativeMethodAccessorImpl.invoke0(Native Method)
	at sun.reflect.NativeMethodAccessorImpl.invoke(NativeMethodAccessorImpl.java:62)
	at sun.reflect.DelegatingMethodAccessorImpl.invoke(DelegatingMethodAccessorImpl.java:43)
	at java.lang.reflect.Method.invoke(Method.java:498)
	at org.apache.maven.surefire.util.ReflectionUtils.invokeMethodWithArray2(ReflectionUtils.java:206)
	at org.apache.maven.surefire.booter.ProviderFactory$ProviderProxy.invoke(ProviderFactory.java:161)
	at org.apache.maven.surefire.booter.ProviderFactory.invokeProvider(ProviderFactory.java:84)
	at org.apache.maven.plugin.surefire.InPluginVMSurefireStarter.runSuitesInProcess(InPluginVMSurefireStarter.java:87)
	at org.apache.maven.plugin.surefire.AbstractSurefireMojo.executeProvider(AbstractSurefireMojo.java:1166)
	at org.apache.maven.plugin.surefire.AbstractSurefireMojo.executeAfterPreconditionsChecked(AbstractSurefireMojo.java:1011)
	at org.apache.maven.plugin.surefire.AbstractSurefireMojo.execute(AbstractSurefireMojo.java:857)
	at org.apache.maven.plugin.DefaultBuildPluginManager.executeMojo(DefaultBuildPluginManager.java:137)
	at org.apache.maven.lifecycle.internal.MojoExecutor.execute(MojoExecutor.java:210)
	at org.apache.maven.lifecycle.internal.MojoExecutor.execute(MojoExecutor.java:156)
	at org.apache.maven.lifecycle.internal.MojoExecutor.execute(MojoExecutor.java:148)
	at org.apache.maven.lifecycle.internal.LifecycleModuleBuilder.buildProject(LifecycleModuleBuilder.java:117)
	at org.apache.maven.lifecycle.internal.LifecycleModuleBuilder.buildProject(LifecycleModuleBuilder.java:81)
	at org.apache.maven.lifecycle.internal.builder.singlethreaded.SingleThreadedBuilder.build(SingleThreadedBuilder.java:56)
	at org.apache.maven.lifecycle.internal.LifecycleStarter.execute(LifecycleStarter.java:128)
	at org.apache.maven.DefaultMaven.doExecute(DefaultMaven.java:305)
	at org.apache.maven.DefaultMaven.doExecute(DefaultMaven.java:192)
	at org.apache.maven.DefaultMaven.execute(DefaultMaven.java:105)
	at org.apache.maven.cli.MavenCli.execute(MavenCli.java:957)
	at org.apache.maven.cli.MavenCli.doMain(MavenCli.java:289)
	at org.apache.maven.cli.MavenCli.main(MavenCli.java:193)
	at sun.reflect.NativeMethodAccessorImpl.invoke0(Native Method)
	at sun.reflect.NativeMethodAccessorImpl.invoke(NativeMethodAccessorImpl.java:62)
	at sun.reflect.DelegatingMethodAccessorImpl.invoke(DelegatingMethodAccessorImpl.java:43)
	at java.lang.reflect.Method.invoke(Method.java:498)
	at org.codehaus.plexus.classworlds.launcher.Launcher.launchEnhanced(Launcher.java:282)
	at org.codehaus.plexus.classworlds.launcher.Launcher.launch(Launcher.java:225)
	at org.codehaus.plexus.classworlds.launcher.Launcher.mainWithExitCode(Launcher.java:406)
	at org.codehaus.plexus.classworlds.launcher.Launcher.main(Launcher.java:347)
]]></system-err>
  </testcase>
  <testcase name="TestFilePAth" classname="workweixin.DepartmentTest" time="0.029"/>
  <testcase name="TestAll" classname="workweixin.DepartmentTest" time="1.675"/>
  <testcase name="TestList" classname="workweixin.DepartmentTest" time="1.317">
    <failure message="1 expectation failed.&#10;JSON path department doesn&apos;t match.&#10;Expected: a collection containing &quot;testhome1234&quot;&#10;  Actual: []&#10;" type="java.lang.AssertionError">java.lang.AssertionError: 
1 expectation failed.
JSON path department doesn't match.
Expected: a collection containing "testhome1234"
  Actual: []

	at workweixin.DepartmentTest.TestList(DepartmentTest.java:56)
</failure>
    <system-out><![CDATA[2020-11-27 09:15:21 [ main:4767 ] - [ INFO ] workweixin.Department.list(Department.java:22) 测试list
2020-11-27 09:15:21 [ main:4772 ] - [ INFO ] workweixin.Restful.getApiFromYaml(Restful.java:32) restful:Restful{url='https://qyapi.weixin.qq.com/cgi-bin/department/list', method='get', headers=null, query={id=}, body='null'}
2020-11-27 09:15:21 [ main:4778 ] - [ INFO ] workweixin.Api.updateUrl(Api.java:175) 当前环境hosts:{qyapi.weixin.qq.com=qyapi.weixin.qq.com}
Request method:	GET
Request URI:	https://qyapi.weixin.qq.com/cgi-bin/department/list?access_token=TqasCuXIkbeHiJ47yLRoDXWmAeq_4pT_Tkv_KqxDih2pZUgiUEDEiYZB-Ixw-lBqL4emkDB5P8gmUmCGBO26yiD3yt4aYxTXbLnV-ZoDREkcNOjoG6sliCUciy5dRw2u7cbExzm22m8UHOt1edOesWKacRt7B0DvK0PzG35pdTUveYnxzL3EvUuMq4QO4bd4zBm-uiKpjWWukrnr6ULQ2A&access_token=TqasCuXIkbeHiJ47yLRoDXWmAeq_4pT_Tkv_KqxDih2pZUgiUEDEiYZB-Ixw-lBqL4emkDB5P8gmUmCGBO26yiD3yt4aYxTXbLnV-ZoDREkcNOjoG6sliCUciy5dRw2u7cbExzm22m8UHOt1edOesWKacRt7B0DvK0PzG35pdTUveYnxzL3EvUuMq4QO4bd4zBm-uiKpjWWukrnr6ULQ2A&id=1
Proxy:			<none>
Request params:	<none>
Query params:	access_token=[TqasCuXIkbeHiJ47yLRoDXWmAeq_4pT_Tkv_KqxDih2pZUgiUEDEiYZB-Ixw-lBqL4emkDB5P8gmUmCGBO26yiD3yt4aYxTXbLnV-ZoDREkcNOjoG6sliCUciy5dRw2u7cbExzm22m8UHOt1edOesWKacRt7B0DvK0PzG35pdTUveYnxzL3EvUuMq4QO4bd4zBm-uiKpjWWukrnr6ULQ2A, TqasCuXIkbeHiJ47yLRoDXWmAeq_4pT_Tkv_KqxDih2pZUgiUEDEiYZB-Ixw-lBqL4emkDB5P8gmUmCGBO26yiD3yt4aYxTXbLnV-ZoDREkcNOjoG6sliCUciy5dRw2u7cbExzm22m8UHOt1edOesWKacRt7B0DvK0PzG35pdTUveYnxzL3EvUuMq4QO4bd4zBm-uiKpjWWukrnr6ULQ2A]
				id=1
Form params:	<none>
Path params:	<none>
Headers:		Host=qyapi.weixin.qq.com
				Accept=*/*
				Content-Type=application/json; charset=UTF-8
Cookies:		<none>
Multiparts:		<none>
Body:			<none>
Request method:	GET
Request URI:	https://qyapi.weixin.qq.com/cgi-bin/department/list?access_token=TqasCuXIkbeHiJ47yLRoDXWmAeq_4pT_Tkv_KqxDih2pZUgiUEDEiYZB-Ixw-lBqL4emkDB5P8gmUmCGBO26yiD3yt4aYxTXbLnV-ZoDREkcNOjoG6sliCUciy5dRw2u7cbExzm22m8UHOt1edOesWKacRt7B0DvK0PzG35pdTUveYnxzL3EvUuMq4QO4bd4zBm-uiKpjWWukrnr6ULQ2A&access_token=TqasCuXIkbeHiJ47yLRoDXWmAeq_4pT_Tkv_KqxDih2pZUgiUEDEiYZB-Ixw-lBqL4emkDB5P8gmUmCGBO26yiD3yt4aYxTXbLnV-ZoDREkcNOjoG6sliCUciy5dRw2u7cbExzm22m8UHOt1edOesWKacRt7B0DvK0PzG35pdTUveYnxzL3EvUuMq4QO4bd4zBm-uiKpjWWukrnr6ULQ2A&id=1
Proxy:			<none>
Request params:	<none>
Query params:	access_token=[TqasCuXIkbeHiJ47yLRoDXWmAeq_4pT_Tkv_KqxDih2pZUgiUEDEiYZB-Ixw-lBqL4emkDB5P8gmUmCGBO26yiD3yt4aYxTXbLnV-ZoDREkcNOjoG6sliCUciy5dRw2u7cbExzm22m8UHOt1edOesWKacRt7B0DvK0PzG35pdTUveYnxzL3EvUuMq4QO4bd4zBm-uiKpjWWukrnr6ULQ2A, TqasCuXIkbeHiJ47yLRoDXWmAeq_4pT_Tkv_KqxDih2pZUgiUEDEiYZB-Ixw-lBqL4emkDB5P8gmUmCGBO26yiD3yt4aYxTXbLnV-ZoDREkcNOjoG6sliCUciy5dRw2u7cbExzm22m8UHOt1edOesWKacRt7B0DvK0PzG35pdTUveYnxzL3EvUuMq4QO4bd4zBm-uiKpjWWukrnr6ULQ2A]
				id=1
Form params:	<none>
Path params:	<none>
Headers:		Host=qyapi.weixin.qq.com
				Accept=*/*
				Content-Type=application/json; charset=UTF-8
Cookies:		<none>
Multiparts:		<none>
Body:			<none>
2020-11-27 09:15:22 [ main:4950 ] - [ DEBUG ] org.apache.http.impl.conn.BasicClientConnectionManager.getConnection(BasicClientConnectionManager.java:158) Get connection for route {s}->https://qyapi.weixin.qq.com
2020-11-27 09:15:22 [ main:4959 ] - [ DEBUG ] org.apache.http.impl.conn.DefaultClientConnectionOperator.openConnection(DefaultClientConnectionOperator.java:174) Connecting to qyapi.weixin.qq.com:443
2020-11-27 09:15:22 [ main:5187 ] - [ DEBUG ] org.apache.http.client.protocol.RequestAddCookies.process(RequestAddCookies.java:122) CookieSpec selected: ignoreCookies
2020-11-27 09:15:22 [ main:5238 ] - [ DEBUG ] org.apache.http.client.protocol.RequestAuthCache.process(RequestAuthCache.java:75) Auth cache not set in the context
2020-11-27 09:15:22 [ main:5246 ] - [ DEBUG ] org.apache.http.client.protocol.RequestTargetAuthentication.process(RequestTargetAuthentication.java:78) Target auth state: UNCHALLENGED
2020-11-27 09:15:22 [ main:5251 ] - [ DEBUG ] org.apache.http.client.protocol.RequestProxyAuthentication.process(RequestProxyAuthentication.java:87) Proxy auth state: UNCHALLENGED
2020-11-27 09:15:22 [ main:5255 ] - [ DEBUG ] org.apache.http.impl.client.DefaultRequestDirector.tryExecute(DefaultRequestDirector.java:683) Attempt 1 to execute request
2020-11-27 09:15:22 [ main:5259 ] - [ DEBUG ] org.apache.http.impl.conn.DefaultClientConnection.sendRequestHeader(DefaultClientConnection.java:268) Sending request: GET /cgi-bin/department/list?access_token=TqasCuXIkbeHiJ47yLRoDXWmAeq_4pT_Tkv_KqxDih2pZUgiUEDEiYZB-Ixw-lBqL4emkDB5P8gmUmCGBO26yiD3yt4aYxTXbLnV-ZoDREkcNOjoG6sliCUciy5dRw2u7cbExzm22m8UHOt1edOesWKacRt7B0DvK0PzG35pdTUveYnxzL3EvUuMq4QO4bd4zBm-uiKpjWWukrnr6ULQ2A&access_token=TqasCuXIkbeHiJ47yLRoDXWmAeq_4pT_Tkv_KqxDih2pZUgiUEDEiYZB-Ixw-lBqL4emkDB5P8gmUmCGBO26yiD3yt4aYxTXbLnV-ZoDREkcNOjoG6sliCUciy5dRw2u7cbExzm22m8UHOt1edOesWKacRt7B0DvK0PzG35pdTUveYnxzL3EvUuMq4QO4bd4zBm-uiKpjWWukrnr6ULQ2A&id=1 HTTP/1.1
2020-11-27 09:15:22 [ main:5321 ] - [ DEBUG ] org.apache.http.impl.conn.Wire.wire(Wire.java:72)  >> "GET /cgi-bin/department/list?access_token=TqasCuXIkbeHiJ47yLRoDXWmAeq_4pT_Tkv_KqxDih2pZUgiUEDEiYZB-Ixw-lBqL4emkDB5P8gmUmCGBO26yiD3yt4aYxTXbLnV-ZoDREkcNOjoG6sliCUciy5dRw2u7cbExzm22m8UHOt1edOesWKacRt7B0DvK0PzG35pdTUveYnxzL3EvUuMq4QO4bd4zBm-uiKpjWWukrnr6ULQ2A&access_token=TqasCuXIkbeHiJ47yLRoDXWmAeq_4pT_Tkv_KqxDih2pZUgiUEDEiYZB-Ixw-lBqL4emkDB5P8gmUmCGBO26yiD3yt4aYxTXbLnV-ZoDREkcNOjoG6sliCUciy5dRw2u7cbExzm22m8UHOt1edOesWKacRt7B0DvK0PzG35pdTUveYnxzL3EvUuMq4QO4bd4zBm-uiKpjWWukrnr6ULQ2A&id=1 HTTP/1.1[\r][\n]"
2020-11-27 09:15:22 [ main:5362 ] - [ DEBUG ] org.apache.http.impl.conn.Wire.wire(Wire.java:72)  >> "Content-Type: application/json; charset=UTF-8[\r][\n]"
2020-11-27 09:15:22 [ main:5366 ] - [ DEBUG ] org.apache.http.impl.conn.Wire.wire(Wire.java:72)  >> "Accept: */*[\r][\n]"
2020-11-27 09:15:22 [ main:5369 ] - [ DEBUG ] org.apache.http.impl.conn.Wire.wire(Wire.java:72)  >> "Host: qyapi.weixin.qq.com[\r][\n]"
2020-11-27 09:15:22 [ main:5374 ] - [ DEBUG ] org.apache.http.impl.conn.Wire.wire(Wire.java:72)  >> "Connection: Keep-Alive[\r][\n]"
2020-11-27 09:15:22 [ main:5401 ] - [ DEBUG ] org.apache.http.impl.conn.Wire.wire(Wire.java:72)  >> "User-Agent: Apache-HttpClient/4.3.6 (java 1.5)[\r][\n]"
2020-11-27 09:15:22 [ main:5407 ] - [ DEBUG ] org.apache.http.impl.conn.Wire.wire(Wire.java:72)  >> "Accept-Encoding: gzip,deflate[\r][\n]"
2020-11-27 09:15:22 [ main:5411 ] - [ DEBUG ] org.apache.http.impl.conn.Wire.wire(Wire.java:72)  >> "[\r][\n]"
2020-11-27 09:15:22 [ main:5415 ] - [ DEBUG ] org.apache.http.impl.conn.DefaultClientConnection.sendRequestHeader(DefaultClientConnection.java:272) >> GET /cgi-bin/department/list?access_token=TqasCuXIkbeHiJ47yLRoDXWmAeq_4pT_Tkv_KqxDih2pZUgiUEDEiYZB-Ixw-lBqL4emkDB5P8gmUmCGBO26yiD3yt4aYxTXbLnV-ZoDREkcNOjoG6sliCUciy5dRw2u7cbExzm22m8UHOt1edOesWKacRt7B0DvK0PzG35pdTUveYnxzL3EvUuMq4QO4bd4zBm-uiKpjWWukrnr6ULQ2A&access_token=TqasCuXIkbeHiJ47yLRoDXWmAeq_4pT_Tkv_KqxDih2pZUgiUEDEiYZB-Ixw-lBqL4emkDB5P8gmUmCGBO26yiD3yt4aYxTXbLnV-ZoDREkcNOjoG6sliCUciy5dRw2u7cbExzm22m8UHOt1edOesWKacRt7B0DvK0PzG35pdTUveYnxzL3EvUuMq4QO4bd4zBm-uiKpjWWukrnr6ULQ2A&id=1 HTTP/1.1
2020-11-27 09:15:22 [ main:5468 ] - [ DEBUG ] org.apache.http.impl.conn.DefaultClientConnection.sendRequestHeader(DefaultClientConnection.java:275) >> Content-Type: application/json; charset=UTF-8
2020-11-27 09:15:22 [ main:5473 ] - [ DEBUG ] org.apache.http.impl.conn.DefaultClientConnection.sendRequestHeader(DefaultClientConnection.java:275) >> Accept: */*
2020-11-27 09:15:22 [ main:5481 ] - [ DEBUG ] org.apache.http.impl.conn.DefaultClientConnection.sendRequestHeader(DefaultClientConnection.java:275) >> Host: qyapi.weixin.qq.com
2020-11-27 09:15:22 [ main:5486 ] - [ DEBUG ] org.apache.http.impl.conn.DefaultClientConnection.sendRequestHeader(DefaultClientConnection.java:275) >> Connection: Keep-Alive
2020-11-27 09:15:22 [ main:5547 ] - [ DEBUG ] org.apache.http.impl.conn.DefaultClientConnection.sendRequestHeader(DefaultClientConnection.java:275) >> User-Agent: Apache-HttpClient/4.3.6 (java 1.5)
2020-11-27 09:15:22 [ main:5556 ] - [ DEBUG ] org.apache.http.impl.conn.DefaultClientConnection.sendRequestHeader(DefaultClientConnection.java:275) >> Accept-Encoding: gzip,deflate
2020-11-27 09:15:22 [ main:5642 ] - [ DEBUG ] org.apache.http.impl.conn.Wire.wire(Wire.java:72)  << "HTTP/1.1 200 OK[\r][\n]"
2020-11-27 09:15:22 [ main:5668 ] - [ DEBUG ] org.apache.http.impl.conn.Wire.wire(Wire.java:72)  << "Server: nginx[\r][\n]"
2020-11-27 09:15:22 [ main:5672 ] - [ DEBUG ] org.apache.http.impl.conn.Wire.wire(Wire.java:72)  << "Date: Fri, 27 Nov 2020 01:15:22 GMT[\r][\n]"
2020-11-27 09:15:22 [ main:5677 ] - [ DEBUG ] org.apache.http.impl.conn.Wire.wire(Wire.java:72)  << "Content-Type: application/json; charset=UTF-8[\r][\n]"
2020-11-27 09:15:22 [ main:5680 ] - [ DEBUG ] org.apache.http.impl.conn.Wire.wire(Wire.java:72)  << "Content-Length: 244[\r][\n]"
2020-11-27 09:15:22 [ main:5684 ] - [ DEBUG ] org.apache.http.impl.conn.Wire.wire(Wire.java:72)  << "Connection: keep-alive[\r][\n]"
2020-11-27 09:15:22 [ main:5687 ] - [ DEBUG ] org.apache.http.impl.conn.Wire.wire(Wire.java:72)  << "Error-Code: 60011[\r][\n]"
2020-11-27 09:15:22 [ main:5690 ] - [ DEBUG ] org.apache.http.impl.conn.Wire.wire(Wire.java:72)  << "Error-Msg: no privilege to access/modify contact/party/agent , hint: [1606439722_54_e5cdbb1a40e7965892a033cd5c2fd0bb], from ip: 58.247.101.198, more info at https://open.work.weixin.qq.com/devtool/query?e=60011[\r][\n]"
2020-11-27 09:15:22 [ main:5734 ] - [ DEBUG ] org.apache.http.impl.conn.Wire.wire(Wire.java:72)  << "[\r][\n]"
2020-11-27 09:15:22 [ main:5738 ] - [ DEBUG ] org.apache.http.impl.conn.DefaultClientConnection.receiveResponseHeader(DefaultClientConnection.java:253) Receiving response: HTTP/1.1 200 OK
2020-11-27 09:15:22 [ main:5743 ] - [ DEBUG ] org.apache.http.impl.conn.DefaultClientConnection.receiveResponseHeader(DefaultClientConnection.java:256) << HTTP/1.1 200 OK
2020-11-27 09:15:22 [ main:5747 ] - [ DEBUG ] org.apache.http.impl.conn.DefaultClientConnection.receiveResponseHeader(DefaultClientConnection.java:259) << Server: nginx
2020-11-27 09:15:22 [ main:5791 ] - [ DEBUG ] org.apache.http.impl.conn.DefaultClientConnection.receiveResponseHeader(DefaultClientConnection.java:259) << Date: Fri, 27 Nov 2020 01:15:22 GMT
2020-11-27 09:15:22 [ main:5795 ] - [ DEBUG ] org.apache.http.impl.conn.DefaultClientConnection.receiveResponseHeader(DefaultClientConnection.java:259) << Content-Type: application/json; charset=UTF-8
2020-11-27 09:15:22 [ main:5801 ] - [ DEBUG ] org.apache.http.impl.conn.DefaultClientConnection.receiveResponseHeader(DefaultClientConnection.java:259) << Content-Length: 244
2020-11-27 09:15:22 [ main:5805 ] - [ DEBUG ] org.apache.http.impl.conn.DefaultClientConnection.receiveResponseHeader(DefaultClientConnection.java:259) << Connection: keep-alive
2020-11-27 09:15:22 [ main:5810 ] - [ DEBUG ] org.apache.http.impl.conn.DefaultClientConnection.receiveResponseHeader(DefaultClientConnection.java:259) << Error-Code: 60011
2020-11-27 09:15:23 [ main:5851 ] - [ DEBUG ] org.apache.http.impl.conn.DefaultClientConnection.receiveResponseHeader(DefaultClientConnection.java:259) << Error-Msg: no privilege to access/modify contact/party/agent , hint: [1606439722_54_e5cdbb1a40e7965892a033cd5c2fd0bb], from ip: 58.247.101.198, more info at https://open.work.weixin.qq.com/devtool/query?e=60011
2020-11-27 09:15:23 [ main:5860 ] - [ DEBUG ] org.apache.http.impl.client.DefaultRequestDirector.execute(DefaultRequestDirector.java:510) Connection can be kept alive indefinitely
2020-11-27 09:15:23 [ main:5866 ] - [ DEBUG ] io.restassured.internal.http.HTTPBuilder.parseResponse(HTTPBuilder.java:544) Parsing response as: application/json; charset=UTF-8
2020-11-27 09:15:23 [ main:5869 ] - [ DEBUG ] io.restassured.internal.http.HTTPBuilder.parseResponse(HTTPBuilder.java:547) Parsed data to instance of: class org.apache.http.conn.EofSensorInputStream
2020-11-27 09:15:23 [ main:5896 ] - [ DEBUG ] org.apache.http.impl.conn.Wire.wire(Wire.java:86)  << "{"errcode":60011,"errmsg":"no privilege to access/modify contact/party/agent , hint: [1606439722_54_e5cdbb1a40e7965892a033cd5c2fd0bb], from ip: 58.247.101.198, more info at https://open.work.weixin.qq.com/devtool/query?e=60011","department":[]}"
2020-11-27 09:15:23 [ main:5903 ] - [ DEBUG ] org.apache.http.impl.conn.BasicClientConnectionManager.releaseConnection(BasicClientConnectionManager.java:196) Releasing connection org.apache.http.impl.conn.ManagedClientConnectionImpl@30221cfa
2020-11-27 09:15:23 [ main:5909 ] - [ DEBUG ] org.apache.http.impl.conn.BasicClientConnectionManager.releaseConnection(BasicClientConnectionManager.java:221) Connection can be kept alive indefinitely
HTTP/1.1 200 OK
Server: nginx
Date: Fri, 27 Nov 2020 01:15:22 GMT
Content-Type: application/json; charset=UTF-8
Content-Length: 244
Connection: keep-alive
Error-Code: 60011
Error-Msg: no privilege to access/modify contact/party/agent , hint: [1606439722_54_e5cdbb1a40e7965892a033cd5c2fd0bb], from ip: 58.247.101.198, more info at https://open.work.weixin.qq.com/devtool/query?e=60011

{
    "errcode": 60011,
    "errmsg": "no privilege to access/modify contact/party/agent , hint: [1606439722_54_e5cdbb1a40e7965892a033cd5c2fd0bb], from ip: 58.247.101.198, more info at https://open.work.weixin.qq.com/devtool/query?e=60011",
    "department": [
        
    ]
}
2020-11-27 09:15:23 [ main:5961 ] - [ INFO ] workweixin.DepartmentTest.TestList(DepartmentTest.java:55) result:{
	"errcode":60011,
	"errmsg":"no privilege to access/modify contact/party/agent , hint: [1606439722_54_e5cdbb1a40e7965892a033cd5c2fd0bb], from ip: 58.247.101.198, more info at https://open.work.weixin.qq.com/devtool/query?e=60011",
	"department":[]
}
]]></system-out>
  </testcase>
  <testcase name="list" classname="workweixin.DepartmentTest" time="5.793"/>
  <testcase name="TestCreat" classname="workweixin.DepartmentTest" time="2.017">
    <failure message="1 expectation failed.&#10;JSON path errcode doesn&apos;t match.&#10;Expected: &lt;0&gt;&#10;  Actual: 60011&#10;" type="java.lang.AssertionError"><![CDATA[java.lang.AssertionError: 
1 expectation failed.
JSON path errcode doesn't match.
Expected: <0>
  Actual: 60011

	at workweixin.DepartmentTest.TestCreat(DepartmentTest.java:71)
]]></failure>
    <system-out><![CDATA[2020-11-27 09:15:29 [ main:11890 ] - [ INFO ] workweixin.Restful.getApiFromYaml(Restful.java:32) restful:Restful{url='https://qyapi.weixin.qq.com/cgi-bin/department/create', method='post', headers=null, query=null, body='null'}
2020-11-27 09:15:29 [ main:11998 ] - [ DEBUG ] com.jayway.jsonpath.internal.path.CompiledPath.evaluate(CompiledPath.java:47) Evaluating path: $['name']
2020-11-27 09:15:29 [ main:12009 ] - [ DEBUG ] com.jayway.jsonpath.internal.JsonContext.set(JsonContext.java:147) Set path $['name'] new value department1606439716020
2020-11-27 09:15:29 [ main:12019 ] - [ DEBUG ] com.jayway.jsonpath.internal.path.CompiledPath.evaluate(CompiledPath.java:47) Evaluating path: $['parentid']
2020-11-27 09:15:29 [ main:12023 ] - [ DEBUG ] com.jayway.jsonpath.internal.JsonContext.set(JsonContext.java:147) Set path $['parentid'] new value 1
2020-11-27 09:15:29 [ main:12037 ] - [ INFO ] workweixin.Api.updateUrl(Api.java:175) 当前环境hosts:{qyapi.weixin.qq.com=qyapi.weixin.qq.com}
Request method:	POST
Request URI:	https://qyapi.weixin.qq.com/cgi-bin/department/create?access_token=TqasCuXIkbeHiJ47yLRoDXWmAeq_4pT_Tkv_KqxDih2pZUgiUEDEiYZB-Ixw-lBqL4emkDB5P8gmUmCGBO26yiD3yt4aYxTXbLnV-ZoDREkcNOjoG6sliCUciy5dRw2u7cbExzm22m8UHOt1edOesWKacRt7B0DvK0PzG35pdTUveYnxzL3EvUuMq4QO4bd4zBm-uiKpjWWukrnr6ULQ2A&access_token=TqasCuXIkbeHiJ47yLRoDXWmAeq_4pT_Tkv_KqxDih2pZUgiUEDEiYZB-Ixw-lBqL4emkDB5P8gmUmCGBO26yiD3yt4aYxTXbLnV-ZoDREkcNOjoG6sliCUciy5dRw2u7cbExzm22m8UHOt1edOesWKacRt7B0DvK0PzG35pdTUveYnxzL3EvUuMq4QO4bd4zBm-uiKpjWWukrnr6ULQ2A
Proxy:			<none>
Request params:	<none>
Query params:	access_token=[TqasCuXIkbeHiJ47yLRoDXWmAeq_4pT_Tkv_KqxDih2pZUgiUEDEiYZB-Ixw-lBqL4emkDB5P8gmUmCGBO26yiD3yt4aYxTXbLnV-ZoDREkcNOjoG6sliCUciy5dRw2u7cbExzm22m8UHOt1edOesWKacRt7B0DvK0PzG35pdTUveYnxzL3EvUuMq4QO4bd4zBm-uiKpjWWukrnr6ULQ2A, TqasCuXIkbeHiJ47yLRoDXWmAeq_4pT_Tkv_KqxDih2pZUgiUEDEiYZB-Ixw-lBqL4emkDB5P8gmUmCGBO26yiD3yt4aYxTXbLnV-ZoDREkcNOjoG6sliCUciy5dRw2u7cbExzm22m8UHOt1edOesWKacRt7B0DvK0PzG35pdTUveYnxzL3EvUuMq4QO4bd4zBm-uiKpjWWukrnr6ULQ2A]
Form params:	<none>
Path params:	<none>
Headers:		Host=qyapi.weixin.qq.com
				Accept=*/*
				Content-Type=application/json; charset=UTF-8
Cookies:		<none>
Multiparts:		<none>
Body:
{
    "name": "department1606439716020",
    "parentid": "1",
    "order": 1,
    "id": 1
}
Request method:	POST
Request URI:	https://qyapi.weixin.qq.com/cgi-bin/department/create?access_token=TqasCuXIkbeHiJ47yLRoDXWmAeq_4pT_Tkv_KqxDih2pZUgiUEDEiYZB-Ixw-lBqL4emkDB5P8gmUmCGBO26yiD3yt4aYxTXbLnV-ZoDREkcNOjoG6sliCUciy5dRw2u7cbExzm22m8UHOt1edOesWKacRt7B0DvK0PzG35pdTUveYnxzL3EvUuMq4QO4bd4zBm-uiKpjWWukrnr6ULQ2A&access_token=TqasCuXIkbeHiJ47yLRoDXWmAeq_4pT_Tkv_KqxDih2pZUgiUEDEiYZB-Ixw-lBqL4emkDB5P8gmUmCGBO26yiD3yt4aYxTXbLnV-ZoDREkcNOjoG6sliCUciy5dRw2u7cbExzm22m8UHOt1edOesWKacRt7B0DvK0PzG35pdTUveYnxzL3EvUuMq4QO4bd4zBm-uiKpjWWukrnr6ULQ2A
Proxy:			<none>
Request params:	<none>
Query params:	access_token=[TqasCuXIkbeHiJ47yLRoDXWmAeq_4pT_Tkv_KqxDih2pZUgiUEDEiYZB-Ixw-lBqL4emkDB5P8gmUmCGBO26yiD3yt4aYxTXbLnV-ZoDREkcNOjoG6sliCUciy5dRw2u7cbExzm22m8UHOt1edOesWKacRt7B0DvK0PzG35pdTUveYnxzL3EvUuMq4QO4bd4zBm-uiKpjWWukrnr6ULQ2A, TqasCuXIkbeHiJ47yLRoDXWmAeq_4pT_Tkv_KqxDih2pZUgiUEDEiYZB-Ixw-lBqL4emkDB5P8gmUmCGBO26yiD3yt4aYxTXbLnV-ZoDREkcNOjoG6sliCUciy5dRw2u7cbExzm22m8UHOt1edOesWKacRt7B0DvK0PzG35pdTUveYnxzL3EvUuMq4QO4bd4zBm-uiKpjWWukrnr6ULQ2A]
Form params:	<none>
Path params:	<none>
Headers:		Host=qyapi.weixin.qq.com
				Accept=*/*
				Content-Type=application/json; charset=UTF-8
Cookies:		<none>
Multiparts:		<none>
Body:
{
    "name": "department1606439716020",
    "parentid": "1",
    "order": 1,
    "id": 1
}
2020-11-27 09:15:29 [ main:12395 ] - [ DEBUG ] org.apache.http.impl.conn.BasicClientConnectionManager.getConnection(BasicClientConnectionManager.java:158) Get connection for route {s}->https://qyapi.weixin.qq.com
2020-11-27 09:15:29 [ main:12403 ] - [ DEBUG ] org.apache.http.impl.conn.DefaultClientConnectionOperator.openConnection(DefaultClientConnectionOperator.java:174) Connecting to qyapi.weixin.qq.com:443
2020-11-27 09:15:29 [ main:12626 ] - [ DEBUG ] org.apache.http.client.protocol.RequestAddCookies.process(RequestAddCookies.java:122) CookieSpec selected: ignoreCookies
2020-11-27 09:15:29 [ main:12682 ] - [ DEBUG ] org.apache.http.client.protocol.RequestAuthCache.process(RequestAuthCache.java:75) Auth cache not set in the context
2020-11-27 09:15:29 [ main:12699 ] - [ DEBUG ] org.apache.http.client.protocol.RequestTargetAuthentication.process(RequestTargetAuthentication.java:78) Target auth state: UNCHALLENGED
2020-11-27 09:15:29 [ main:12709 ] - [ DEBUG ] org.apache.http.client.protocol.RequestProxyAuthentication.process(RequestProxyAuthentication.java:87) Proxy auth state: UNCHALLENGED
2020-11-27 09:15:29 [ main:12714 ] - [ DEBUG ] org.apache.http.impl.client.DefaultRequestDirector.tryExecute(DefaultRequestDirector.java:683) Attempt 1 to execute request
2020-11-27 09:15:29 [ main:12728 ] - [ DEBUG ] org.apache.http.impl.conn.DefaultClientConnection.sendRequestHeader(DefaultClientConnection.java:268) Sending request: POST /cgi-bin/department/create?access_token=TqasCuXIkbeHiJ47yLRoDXWmAeq_4pT_Tkv_KqxDih2pZUgiUEDEiYZB-Ixw-lBqL4emkDB5P8gmUmCGBO26yiD3yt4aYxTXbLnV-ZoDREkcNOjoG6sliCUciy5dRw2u7cbExzm22m8UHOt1edOesWKacRt7B0DvK0PzG35pdTUveYnxzL3EvUuMq4QO4bd4zBm-uiKpjWWukrnr6ULQ2A&access_token=TqasCuXIkbeHiJ47yLRoDXWmAeq_4pT_Tkv_KqxDih2pZUgiUEDEiYZB-Ixw-lBqL4emkDB5P8gmUmCGBO26yiD3yt4aYxTXbLnV-ZoDREkcNOjoG6sliCUciy5dRw2u7cbExzm22m8UHOt1edOesWKacRt7B0DvK0PzG35pdTUveYnxzL3EvUuMq4QO4bd4zBm-uiKpjWWukrnr6ULQ2A HTTP/1.1
2020-11-27 09:15:29 [ main:12799 ] - [ DEBUG ] org.apache.http.impl.conn.Wire.wire(Wire.java:72)  >> "POST /cgi-bin/department/create?access_token=TqasCuXIkbeHiJ47yLRoDXWmAeq_4pT_Tkv_KqxDih2pZUgiUEDEiYZB-Ixw-lBqL4emkDB5P8gmUmCGBO26yiD3yt4aYxTXbLnV-ZoDREkcNOjoG6sliCUciy5dRw2u7cbExzm22m8UHOt1edOesWKacRt7B0DvK0PzG35pdTUveYnxzL3EvUuMq4QO4bd4zBm-uiKpjWWukrnr6ULQ2A&access_token=TqasCuXIkbeHiJ47yLRoDXWmAeq_4pT_Tkv_KqxDih2pZUgiUEDEiYZB-Ixw-lBqL4emkDB5P8gmUmCGBO26yiD3yt4aYxTXbLnV-ZoDREkcNOjoG6sliCUciy5dRw2u7cbExzm22m8UHOt1edOesWKacRt7B0DvK0PzG35pdTUveYnxzL3EvUuMq4QO4bd4zBm-uiKpjWWukrnr6ULQ2A HTTP/1.1[\r][\n]"
2020-11-27 09:15:30 [ main:12871 ] - [ DEBUG ] org.apache.http.impl.conn.Wire.wire(Wire.java:72)  >> "Accept: */*[\r][\n]"
2020-11-27 09:15:30 [ main:12883 ] - [ DEBUG ] org.apache.http.impl.conn.Wire.wire(Wire.java:72)  >> "Host: qyapi.weixin.qq.com[\r][\n]"
2020-11-27 09:15:30 [ main:12887 ] - [ DEBUG ] org.apache.http.impl.conn.Wire.wire(Wire.java:72)  >> "Content-Type: application/json; charset=UTF-8[\r][\n]"
2020-11-27 09:15:30 [ main:12955 ] - [ DEBUG ] org.apache.http.impl.conn.Wire.wire(Wire.java:72)  >> "Content-Length: 66[\r][\n]"
2020-11-27 09:15:30 [ main:12958 ] - [ DEBUG ] org.apache.http.impl.conn.Wire.wire(Wire.java:72)  >> "Connection: Keep-Alive[\r][\n]"
2020-11-27 09:15:30 [ main:12968 ] - [ DEBUG ] org.apache.http.impl.conn.Wire.wire(Wire.java:72)  >> "User-Agent: Apache-HttpClient/4.3.6 (java 1.5)[\r][\n]"
2020-11-27 09:15:30 [ main:12971 ] - [ DEBUG ] org.apache.http.impl.conn.Wire.wire(Wire.java:72)  >> "Accept-Encoding: gzip,deflate[\r][\n]"
2020-11-27 09:15:30 [ main:12977 ] - [ DEBUG ] org.apache.http.impl.conn.Wire.wire(Wire.java:72)  >> "[\r][\n]"
2020-11-27 09:15:30 [ main:12980 ] - [ DEBUG ] org.apache.http.impl.conn.DefaultClientConnection.sendRequestHeader(DefaultClientConnection.java:272) >> POST /cgi-bin/department/create?access_token=TqasCuXIkbeHiJ47yLRoDXWmAeq_4pT_Tkv_KqxDih2pZUgiUEDEiYZB-Ixw-lBqL4emkDB5P8gmUmCGBO26yiD3yt4aYxTXbLnV-ZoDREkcNOjoG6sliCUciy5dRw2u7cbExzm22m8UHOt1edOesWKacRt7B0DvK0PzG35pdTUveYnxzL3EvUuMq4QO4bd4zBm-uiKpjWWukrnr6ULQ2A&access_token=TqasCuXIkbeHiJ47yLRoDXWmAeq_4pT_Tkv_KqxDih2pZUgiUEDEiYZB-Ixw-lBqL4emkDB5P8gmUmCGBO26yiD3yt4aYxTXbLnV-ZoDREkcNOjoG6sliCUciy5dRw2u7cbExzm22m8UHOt1edOesWKacRt7B0DvK0PzG35pdTUveYnxzL3EvUuMq4QO4bd4zBm-uiKpjWWukrnr6ULQ2A HTTP/1.1
2020-11-27 09:15:30 [ main:13066 ] - [ DEBUG ] org.apache.http.impl.conn.DefaultClientConnection.sendRequestHeader(DefaultClientConnection.java:275) >> Accept: */*
2020-11-27 09:15:30 [ main:13077 ] - [ DEBUG ] org.apache.http.impl.conn.DefaultClientConnection.sendRequestHeader(DefaultClientConnection.java:275) >> Host: qyapi.weixin.qq.com
2020-11-27 09:15:30 [ main:13082 ] - [ DEBUG ] org.apache.http.impl.conn.DefaultClientConnection.sendRequestHeader(DefaultClientConnection.java:275) >> Content-Type: application/json; charset=UTF-8
2020-11-27 09:15:30 [ main:13096 ] - [ DEBUG ] org.apache.http.impl.conn.DefaultClientConnection.sendRequestHeader(DefaultClientConnection.java:275) >> Content-Length: 66
2020-11-27 09:15:30 [ main:13183 ] - [ DEBUG ] org.apache.http.impl.conn.DefaultClientConnection.sendRequestHeader(DefaultClientConnection.java:275) >> Connection: Keep-Alive
2020-11-27 09:15:30 [ main:13193 ] - [ DEBUG ] org.apache.http.impl.conn.DefaultClientConnection.sendRequestHeader(DefaultClientConnection.java:275) >> User-Agent: Apache-HttpClient/4.3.6 (java 1.5)
2020-11-27 09:15:30 [ main:13201 ] - [ DEBUG ] org.apache.http.impl.conn.DefaultClientConnection.sendRequestHeader(DefaultClientConnection.java:275) >> Accept-Encoding: gzip,deflate
2020-11-27 09:15:30 [ main:13208 ] - [ DEBUG ] org.apache.http.impl.conn.Wire.wire(Wire.java:86)  >> "{"name":"department1606439716020","parentid":"1","order":1,"id":1}"
2020-11-27 09:15:30 [ main:13335 ] - [ DEBUG ] org.apache.http.impl.conn.Wire.wire(Wire.java:72)  << "HTTP/1.1 200 OK[\r][\n]"
2020-11-27 09:15:30 [ main:13342 ] - [ DEBUG ] org.apache.http.impl.conn.Wire.wire(Wire.java:72)  << "Server: nginx[\r][\n]"
2020-11-27 09:15:30 [ main:13354 ] - [ DEBUG ] org.apache.http.impl.conn.Wire.wire(Wire.java:72)  << "Date: Fri, 27 Nov 2020 01:15:30 GMT[\r][\n]"
2020-11-27 09:15:30 [ main:13410 ] - [ DEBUG ] org.apache.http.impl.conn.Wire.wire(Wire.java:72)  << "Content-Type: application/json; charset=UTF-8[\r][\n]"
2020-11-27 09:15:30 [ main:13419 ] - [ DEBUG ] org.apache.http.impl.conn.Wire.wire(Wire.java:72)  << "Content-Length: 228[\r][\n]"
2020-11-27 09:15:30 [ main:13423 ] - [ DEBUG ] org.apache.http.impl.conn.Wire.wire(Wire.java:72)  << "Connection: keep-alive[\r][\n]"
2020-11-27 09:15:30 [ main:13432 ] - [ DEBUG ] org.apache.http.impl.conn.Wire.wire(Wire.java:72)  << "Error-Code: 60011[\r][\n]"
2020-11-27 09:15:30 [ main:13436 ] - [ DEBUG ] org.apache.http.impl.conn.Wire.wire(Wire.java:72)  << "Error-Msg: no privilege to access/modify contact/party/agent , hint: [1606439730_54_0e180cdd6b50f4eb963822e11b0b397d], from ip: 58.247.101.198, more info at https://open.work.weixin.qq.com/devtool/query?e=60011[\r][\n]"
2020-11-27 09:15:30 [ main:13519 ] - [ DEBUG ] org.apache.http.impl.conn.Wire.wire(Wire.java:72)  << "[\r][\n]"
2020-11-27 09:15:30 [ main:13522 ] - [ DEBUG ] org.apache.http.impl.conn.DefaultClientConnection.receiveResponseHeader(DefaultClientConnection.java:253) Receiving response: HTTP/1.1 200 OK
2020-11-27 09:15:30 [ main:13531 ] - [ DEBUG ] org.apache.http.impl.conn.DefaultClientConnection.receiveResponseHeader(DefaultClientConnection.java:256) << HTTP/1.1 200 OK
2020-11-27 09:15:30 [ main:13605 ] - [ DEBUG ] org.apache.http.impl.conn.DefaultClientConnection.receiveResponseHeader(DefaultClientConnection.java:259) << Server: nginx
2020-11-27 09:15:30 [ main:13614 ] - [ DEBUG ] org.apache.http.impl.conn.DefaultClientConnection.receiveResponseHeader(DefaultClientConnection.java:259) << Date: Fri, 27 Nov 2020 01:15:30 GMT
2020-11-27 09:15:30 [ main:13622 ] - [ DEBUG ] org.apache.http.impl.conn.DefaultClientConnection.receiveResponseHeader(DefaultClientConnection.java:259) << Content-Type: application/json; charset=UTF-8
2020-11-27 09:15:30 [ main:13627 ] - [ DEBUG ] org.apache.http.impl.conn.DefaultClientConnection.receiveResponseHeader(DefaultClientConnection.java:259) << Content-Length: 228
2020-11-27 09:15:30 [ main:13677 ] - [ DEBUG ] org.apache.http.impl.conn.DefaultClientConnection.receiveResponseHeader(DefaultClientConnection.java:259) << Connection: keep-alive
2020-11-27 09:15:30 [ main:13681 ] - [ DEBUG ] org.apache.http.impl.conn.DefaultClientConnection.receiveResponseHeader(DefaultClientConnection.java:259) << Error-Code: 60011
2020-11-27 09:15:30 [ main:13688 ] - [ DEBUG ] org.apache.http.impl.conn.DefaultClientConnection.receiveResponseHeader(DefaultClientConnection.java:259) << Error-Msg: no privilege to access/modify contact/party/agent , hint: [1606439730_54_0e180cdd6b50f4eb963822e11b0b397d], from ip: 58.247.101.198, more info at https://open.work.weixin.qq.com/devtool/query?e=60011
2020-11-27 09:15:30 [ main:13701 ] - [ DEBUG ] org.apache.http.impl.client.DefaultRequestDirector.execute(DefaultRequestDirector.java:510) Connection can be kept alive indefinitely
2020-11-27 09:15:30 [ main:13712 ] - [ DEBUG ] io.restassured.internal.http.HTTPBuilder.parseResponse(HTTPBuilder.java:544) Parsing response as: application/json; charset=UTF-8
2020-11-27 09:15:30 [ main:13746 ] - [ DEBUG ] io.restassured.internal.http.HTTPBuilder.parseResponse(HTTPBuilder.java:547) Parsed data to instance of: class org.apache.http.conn.EofSensorInputStream
2020-11-27 09:15:30 [ main:13755 ] - [ DEBUG ] org.apache.http.impl.conn.Wire.wire(Wire.java:86)  << "{"errcode":60011,"errmsg":"no privilege to access/modify contact/party/agent , hint: [1606439730_54_0e180cdd6b50f4eb963822e11b0b397d], from ip: 58.247.101.198, more info at https://open.work.weixin.qq.com/devtool/query?e=60011"}"
2020-11-27 09:15:31 [ main:13817 ] - [ DEBUG ] org.apache.http.impl.conn.BasicClientConnectionManager.releaseConnection(BasicClientConnectionManager.java:196) Releasing connection org.apache.http.impl.conn.ManagedClientConnectionImpl@23eb6d13
2020-11-27 09:15:31 [ main:13826 ] - [ DEBUG ] org.apache.http.impl.conn.BasicClientConnectionManager.releaseConnection(BasicClientConnectionManager.java:221) Connection can be kept alive indefinitely
HTTP/1.1 200 OK
Server: nginx
Date: Fri, 27 Nov 2020 01:15:30 GMT
Content-Type: application/json; charset=UTF-8
Content-Length: 228
Connection: keep-alive
Error-Code: 60011
Error-Msg: no privilege to access/modify contact/party/agent , hint: [1606439730_54_0e180cdd6b50f4eb963822e11b0b397d], from ip: 58.247.101.198, more info at https://open.work.weixin.qq.com/devtool/query?e=60011

{
    "errcode": 60011,
    "errmsg": "no privilege to access/modify contact/party/agent , hint: [1606439730_54_0e180cdd6b50f4eb963822e11b0b397d], from ip: 58.247.101.198, more info at https://open.work.weixin.qq.com/devtool/query?e=60011"
}
2020-11-27 09:15:31 [ main:13878 ] - [ INFO ] workweixin.DepartmentTest.TestCreat(DepartmentTest.java:70) result:{
	"errcode":60011,
	"errmsg":"no privilege to access/modify contact/party/agent , hint: [1606439730_54_0e180cdd6b50f4eb963822e11b0b397d], from ip: 58.247.101.198, more info at https://open.work.weixin.qq.com/devtool/query?e=60011"
}
]]></system-out>
  </testcase>
  <testcase name="createByMap" classname="workweixin.DepartmentTest" time="1.534">
    <failure message="1 expectation failed.&#10;JSON path errcode doesn&apos;t match.&#10;Expected: &lt;0&gt;&#10;  Actual: 60011&#10;" type="java.lang.AssertionError"><![CDATA[java.lang.AssertionError: 
1 expectation failed.
JSON path errcode doesn't match.
Expected: <0>
  Actual: 60011

	at workweixin.DepartmentTest.createByMap(DepartmentTest.java:81)
]]></failure>
    <system-out><![CDATA[2020-11-27 09:15:31 [ main:13908 ] - [ INFO ] workweixin.Restful.getApiFromYaml(Restful.java:32) restful:Restful{url='https://qyapi.weixin.qq.com/cgi-bin/department/create', method='post', headers=null, query=null, body='null'}
2020-11-27 09:15:31 [ main:13951 ] - [ DEBUG ] com.jayway.jsonpath.internal.path.CompiledPath.evaluate(CompiledPath.java:47) Evaluating path: $['name']
2020-11-27 09:15:31 [ main:13955 ] - [ DEBUG ] com.jayway.jsonpath.internal.JsonContext.set(JsonContext.java:147) Set path $['name'] new value seveniruby_d1_map1606439716020
2020-11-27 09:15:31 [ main:13964 ] - [ DEBUG ] com.jayway.jsonpath.internal.path.CompiledPath.evaluate(CompiledPath.java:47) Evaluating path: $['parentid']
2020-11-27 09:15:31 [ main:13968 ] - [ DEBUG ] com.jayway.jsonpath.internal.JsonContext.set(JsonContext.java:147) Set path $['parentid'] new value 1
2020-11-27 09:15:31 [ main:14004 ] - [ INFO ] workweixin.Api.updateUrl(Api.java:175) 当前环境hosts:{qyapi.weixin.qq.com=qyapi.weixin.qq.com}
Request method:	POST
Request URI:	https://qyapi.weixin.qq.com/cgi-bin/department/create?access_token=TqasCuXIkbeHiJ47yLRoDXWmAeq_4pT_Tkv_KqxDih2pZUgiUEDEiYZB-Ixw-lBqL4emkDB5P8gmUmCGBO26yiD3yt4aYxTXbLnV-ZoDREkcNOjoG6sliCUciy5dRw2u7cbExzm22m8UHOt1edOesWKacRt7B0DvK0PzG35pdTUveYnxzL3EvUuMq4QO4bd4zBm-uiKpjWWukrnr6ULQ2A&access_token=TqasCuXIkbeHiJ47yLRoDXWmAeq_4pT_Tkv_KqxDih2pZUgiUEDEiYZB-Ixw-lBqL4emkDB5P8gmUmCGBO26yiD3yt4aYxTXbLnV-ZoDREkcNOjoG6sliCUciy5dRw2u7cbExzm22m8UHOt1edOesWKacRt7B0DvK0PzG35pdTUveYnxzL3EvUuMq4QO4bd4zBm-uiKpjWWukrnr6ULQ2A
Proxy:			<none>
Request params:	<none>
Query params:	access_token=[TqasCuXIkbeHiJ47yLRoDXWmAeq_4pT_Tkv_KqxDih2pZUgiUEDEiYZB-Ixw-lBqL4emkDB5P8gmUmCGBO26yiD3yt4aYxTXbLnV-ZoDREkcNOjoG6sliCUciy5dRw2u7cbExzm22m8UHOt1edOesWKacRt7B0DvK0PzG35pdTUveYnxzL3EvUuMq4QO4bd4zBm-uiKpjWWukrnr6ULQ2A, TqasCuXIkbeHiJ47yLRoDXWmAeq_4pT_Tkv_KqxDih2pZUgiUEDEiYZB-Ixw-lBqL4emkDB5P8gmUmCGBO26yiD3yt4aYxTXbLnV-ZoDREkcNOjoG6sliCUciy5dRw2u7cbExzm22m8UHOt1edOesWKacRt7B0DvK0PzG35pdTUveYnxzL3EvUuMq4QO4bd4zBm-uiKpjWWukrnr6ULQ2A]
Form params:	<none>
Path params:	<none>
Headers:		Host=qyapi.weixin.qq.com
				Accept=*/*
				Content-Type=application/json; charset=UTF-8
Cookies:		<none>
Multiparts:		<none>
Body:
{
    "name": "seveniruby_d1_map1606439716020",
    "parentid": "1",
    "order": 1,
    "id": 1
}
Request method:	POST
Request URI:	https://qyapi.weixin.qq.com/cgi-bin/department/create?access_token=TqasCuXIkbeHiJ47yLRoDXWmAeq_4pT_Tkv_KqxDih2pZUgiUEDEiYZB-Ixw-lBqL4emkDB5P8gmUmCGBO26yiD3yt4aYxTXbLnV-ZoDREkcNOjoG6sliCUciy5dRw2u7cbExzm22m8UHOt1edOesWKacRt7B0DvK0PzG35pdTUveYnxzL3EvUuMq4QO4bd4zBm-uiKpjWWukrnr6ULQ2A&access_token=TqasCuXIkbeHiJ47yLRoDXWmAeq_4pT_Tkv_KqxDih2pZUgiUEDEiYZB-Ixw-lBqL4emkDB5P8gmUmCGBO26yiD3yt4aYxTXbLnV-ZoDREkcNOjoG6sliCUciy5dRw2u7cbExzm22m8UHOt1edOesWKacRt7B0DvK0PzG35pdTUveYnxzL3EvUuMq4QO4bd4zBm-uiKpjWWukrnr6ULQ2A
Proxy:			<none>
Request params:	<none>
Query params:	access_token=[TqasCuXIkbeHiJ47yLRoDXWmAeq_4pT_Tkv_KqxDih2pZUgiUEDEiYZB-Ixw-lBqL4emkDB5P8gmUmCGBO26yiD3yt4aYxTXbLnV-ZoDREkcNOjoG6sliCUciy5dRw2u7cbExzm22m8UHOt1edOesWKacRt7B0DvK0PzG35pdTUveYnxzL3EvUuMq4QO4bd4zBm-uiKpjWWukrnr6ULQ2A, TqasCuXIkbeHiJ47yLRoDXWmAeq_4pT_Tkv_KqxDih2pZUgiUEDEiYZB-Ixw-lBqL4emkDB5P8gmUmCGBO26yiD3yt4aYxTXbLnV-ZoDREkcNOjoG6sliCUciy5dRw2u7cbExzm22m8UHOt1edOesWKacRt7B0DvK0PzG35pdTUveYnxzL3EvUuMq4QO4bd4zBm-uiKpjWWukrnr6ULQ2A]
Form params:	<none>
Path params:	<none>
Headers:		Host=qyapi.weixin.qq.com
				Accept=*/*
				Content-Type=application/json; charset=UTF-8
Cookies:		<none>
Multiparts:		<none>
Body:
{
    "name": "seveniruby_d1_map1606439716020",
    "parentid": "1",
    "order": 1,
    "id": 1
}
2020-11-27 09:15:31 [ main:14193 ] - [ DEBUG ] org.apache.http.impl.conn.BasicClientConnectionManager.getConnection(BasicClientConnectionManager.java:158) Get connection for route {s}->https://qyapi.weixin.qq.com
2020-11-27 09:15:31 [ main:14234 ] - [ DEBUG ] org.apache.http.impl.conn.DefaultClientConnectionOperator.openConnection(DefaultClientConnectionOperator.java:174) Connecting to qyapi.weixin.qq.com:443
2020-11-27 09:15:31 [ main:14478 ] - [ DEBUG ] org.apache.http.client.protocol.RequestAddCookies.process(RequestAddCookies.java:122) CookieSpec selected: ignoreCookies
2020-11-27 09:15:31 [ main:14483 ] - [ DEBUG ] org.apache.http.client.protocol.RequestAuthCache.process(RequestAuthCache.java:75) Auth cache not set in the context
2020-11-27 09:15:31 [ main:14486 ] - [ DEBUG ] org.apache.http.client.protocol.RequestTargetAuthentication.process(RequestTargetAuthentication.java:78) Target auth state: UNCHALLENGED
2020-11-27 09:15:31 [ main:14491 ] - [ DEBUG ] org.apache.http.client.protocol.RequestProxyAuthentication.process(RequestProxyAuthentication.java:87) Proxy auth state: UNCHALLENGED
2020-11-27 09:15:31 [ main:14495 ] - [ DEBUG ] org.apache.http.impl.client.DefaultRequestDirector.tryExecute(DefaultRequestDirector.java:683) Attempt 1 to execute request
2020-11-27 09:15:31 [ main:14500 ] - [ DEBUG ] org.apache.http.impl.conn.DefaultClientConnection.sendRequestHeader(DefaultClientConnection.java:268) Sending request: POST /cgi-bin/department/create?access_token=TqasCuXIkbeHiJ47yLRoDXWmAeq_4pT_Tkv_KqxDih2pZUgiUEDEiYZB-Ixw-lBqL4emkDB5P8gmUmCGBO26yiD3yt4aYxTXbLnV-ZoDREkcNOjoG6sliCUciy5dRw2u7cbExzm22m8UHOt1edOesWKacRt7B0DvK0PzG35pdTUveYnxzL3EvUuMq4QO4bd4zBm-uiKpjWWukrnr6ULQ2A&access_token=TqasCuXIkbeHiJ47yLRoDXWmAeq_4pT_Tkv_KqxDih2pZUgiUEDEiYZB-Ixw-lBqL4emkDB5P8gmUmCGBO26yiD3yt4aYxTXbLnV-ZoDREkcNOjoG6sliCUciy5dRw2u7cbExzm22m8UHOt1edOesWKacRt7B0DvK0PzG35pdTUveYnxzL3EvUuMq4QO4bd4zBm-uiKpjWWukrnr6ULQ2A HTTP/1.1
2020-11-27 09:15:31 [ main:14560 ] - [ DEBUG ] org.apache.http.impl.conn.Wire.wire(Wire.java:72)  >> "POST /cgi-bin/department/create?access_token=TqasCuXIkbeHiJ47yLRoDXWmAeq_4pT_Tkv_KqxDih2pZUgiUEDEiYZB-Ixw-lBqL4emkDB5P8gmUmCGBO26yiD3yt4aYxTXbLnV-ZoDREkcNOjoG6sliCUciy5dRw2u7cbExzm22m8UHOt1edOesWKacRt7B0DvK0PzG35pdTUveYnxzL3EvUuMq4QO4bd4zBm-uiKpjWWukrnr6ULQ2A&access_token=TqasCuXIkbeHiJ47yLRoDXWmAeq_4pT_Tkv_KqxDih2pZUgiUEDEiYZB-Ixw-lBqL4emkDB5P8gmUmCGBO26yiD3yt4aYxTXbLnV-ZoDREkcNOjoG6sliCUciy5dRw2u7cbExzm22m8UHOt1edOesWKacRt7B0DvK0PzG35pdTUveYnxzL3EvUuMq4QO4bd4zBm-uiKpjWWukrnr6ULQ2A HTTP/1.1[\r][\n]"
2020-11-27 09:15:31 [ main:14577 ] - [ DEBUG ] org.apache.http.impl.conn.Wire.wire(Wire.java:72)  >> "Accept: */*[\r][\n]"
2020-11-27 09:15:31 [ main:14619 ] - [ DEBUG ] org.apache.http.impl.conn.Wire.wire(Wire.java:72)  >> "Host: qyapi.weixin.qq.com[\r][\n]"
2020-11-27 09:15:31 [ main:14625 ] - [ DEBUG ] org.apache.http.impl.conn.Wire.wire(Wire.java:72)  >> "Content-Type: application/json; charset=UTF-8[\r][\n]"
2020-11-27 09:15:31 [ main:14636 ] - [ DEBUG ] org.apache.http.impl.conn.Wire.wire(Wire.java:72)  >> "Content-Length: 73[\r][\n]"
2020-11-27 09:15:31 [ main:14699 ] - [ DEBUG ] org.apache.http.impl.conn.Wire.wire(Wire.java:72)  >> "Connection: Keep-Alive[\r][\n]"
2020-11-27 09:15:31 [ main:14703 ] - [ DEBUG ] org.apache.http.impl.conn.Wire.wire(Wire.java:72)  >> "User-Agent: Apache-HttpClient/4.3.6 (java 1.5)[\r][\n]"
2020-11-27 09:15:31 [ main:14712 ] - [ DEBUG ] org.apache.http.impl.conn.Wire.wire(Wire.java:72)  >> "Accept-Encoding: gzip,deflate[\r][\n]"
2020-11-27 09:15:31 [ main:14716 ] - [ DEBUG ] org.apache.http.impl.conn.Wire.wire(Wire.java:72)  >> "[\r][\n]"
2020-11-27 09:15:31 [ main:14726 ] - [ DEBUG ] org.apache.http.impl.conn.DefaultClientConnection.sendRequestHeader(DefaultClientConnection.java:272) >> POST /cgi-bin/department/create?access_token=TqasCuXIkbeHiJ47yLRoDXWmAeq_4pT_Tkv_KqxDih2pZUgiUEDEiYZB-Ixw-lBqL4emkDB5P8gmUmCGBO26yiD3yt4aYxTXbLnV-ZoDREkcNOjoG6sliCUciy5dRw2u7cbExzm22m8UHOt1edOesWKacRt7B0DvK0PzG35pdTUveYnxzL3EvUuMq4QO4bd4zBm-uiKpjWWukrnr6ULQ2A&access_token=TqasCuXIkbeHiJ47yLRoDXWmAeq_4pT_Tkv_KqxDih2pZUgiUEDEiYZB-Ixw-lBqL4emkDB5P8gmUmCGBO26yiD3yt4aYxTXbLnV-ZoDREkcNOjoG6sliCUciy5dRw2u7cbExzm22m8UHOt1edOesWKacRt7B0DvK0PzG35pdTUveYnxzL3EvUuMq4QO4bd4zBm-uiKpjWWukrnr6ULQ2A HTTP/1.1
2020-11-27 09:15:32 [ main:14858 ] - [ DEBUG ] org.apache.http.impl.conn.DefaultClientConnection.sendRequestHeader(DefaultClientConnection.java:275) >> Accept: */*
2020-11-27 09:15:32 [ main:14864 ] - [ DEBUG ] org.apache.http.impl.conn.DefaultClientConnection.sendRequestHeader(DefaultClientConnection.java:275) >> Host: qyapi.weixin.qq.com
2020-11-27 09:15:32 [ main:14868 ] - [ DEBUG ] org.apache.http.impl.conn.DefaultClientConnection.sendRequestHeader(DefaultClientConnection.java:275) >> Content-Type: application/json; charset=UTF-8
2020-11-27 09:15:32 [ main:14930 ] - [ DEBUG ] org.apache.http.impl.conn.DefaultClientConnection.sendRequestHeader(DefaultClientConnection.java:275) >> Content-Length: 73
2020-11-27 09:15:32 [ main:14938 ] - [ DEBUG ] org.apache.http.impl.conn.DefaultClientConnection.sendRequestHeader(DefaultClientConnection.java:275) >> Connection: Keep-Alive
2020-11-27 09:15:32 [ main:14945 ] - [ DEBUG ] org.apache.http.impl.conn.DefaultClientConnection.sendRequestHeader(DefaultClientConnection.java:275) >> User-Agent: Apache-HttpClient/4.3.6 (java 1.5)
2020-11-27 09:15:32 [ main:14951 ] - [ DEBUG ] org.apache.http.impl.conn.DefaultClientConnection.sendRequestHeader(DefaultClientConnection.java:275) >> Accept-Encoding: gzip,deflate
2020-11-27 09:15:32 [ main:14994 ] - [ DEBUG ] org.apache.http.impl.conn.Wire.wire(Wire.java:86)  >> "{"name":"seveniruby_d1_map1606439716020","parentid":"1","order":1,"id":1}"
2020-11-27 09:15:32 [ main:15056 ] - [ DEBUG ] org.apache.http.impl.conn.Wire.wire(Wire.java:72)  << "HTTP/1.1 200 OK[\r][\n]"
2020-11-27 09:15:32 [ main:15060 ] - [ DEBUG ] org.apache.http.impl.conn.Wire.wire(Wire.java:72)  << "Server: nginx[\r][\n]"
2020-11-27 09:15:32 [ main:15063 ] - [ DEBUG ] org.apache.http.impl.conn.Wire.wire(Wire.java:72)  << "Date: Fri, 27 Nov 2020 01:15:32 GMT[\r][\n]"
2020-11-27 09:15:32 [ main:15067 ] - [ DEBUG ] org.apache.http.impl.conn.Wire.wire(Wire.java:72)  << "Content-Type: application/json; charset=UTF-8[\r][\n]"
2020-11-27 09:15:32 [ main:15072 ] - [ DEBUG ] org.apache.http.impl.conn.Wire.wire(Wire.java:72)  << "Content-Length: 228[\r][\n]"
2020-11-27 09:15:32 [ main:15128 ] - [ DEBUG ] org.apache.http.impl.conn.Wire.wire(Wire.java:72)  << "Connection: keep-alive[\r][\n]"
2020-11-27 09:15:32 [ main:15132 ] - [ DEBUG ] org.apache.http.impl.conn.Wire.wire(Wire.java:72)  << "Error-Code: 60011[\r][\n]"
2020-11-27 09:15:32 [ main:15136 ] - [ DEBUG ] org.apache.http.impl.conn.Wire.wire(Wire.java:72)  << "Error-Msg: no privilege to access/modify contact/party/agent , hint: [1606439732_54_f89bc4f3f2896ccc2e5c10273912e15c], from ip: 58.247.101.198, more info at https://open.work.weixin.qq.com/devtool/query?e=60011[\r][\n]"
2020-11-27 09:15:32 [ main:15145 ] - [ DEBUG ] org.apache.http.impl.conn.Wire.wire(Wire.java:72)  << "[\r][\n]"
2020-11-27 09:15:32 [ main:15150 ] - [ DEBUG ] org.apache.http.impl.conn.DefaultClientConnection.receiveResponseHeader(DefaultClientConnection.java:253) Receiving response: HTTP/1.1 200 OK
2020-11-27 09:15:32 [ main:15155 ] - [ DEBUG ] org.apache.http.impl.conn.DefaultClientConnection.receiveResponseHeader(DefaultClientConnection.java:256) << HTTP/1.1 200 OK
2020-11-27 09:15:32 [ main:15193 ] - [ DEBUG ] org.apache.http.impl.conn.DefaultClientConnection.receiveResponseHeader(DefaultClientConnection.java:259) << Server: nginx
2020-11-27 09:15:32 [ main:15197 ] - [ DEBUG ] org.apache.http.impl.conn.DefaultClientConnection.receiveResponseHeader(DefaultClientConnection.java:259) << Date: Fri, 27 Nov 2020 01:15:32 GMT
2020-11-27 09:15:32 [ main:15204 ] - [ DEBUG ] org.apache.http.impl.conn.DefaultClientConnection.receiveResponseHeader(DefaultClientConnection.java:259) << Content-Type: application/json; charset=UTF-8
2020-11-27 09:15:32 [ main:15214 ] - [ DEBUG ] org.apache.http.impl.conn.DefaultClientConnection.receiveResponseHeader(DefaultClientConnection.java:259) << Content-Length: 228
2020-11-27 09:15:32 [ main:15265 ] - [ DEBUG ] org.apache.http.impl.conn.DefaultClientConnection.receiveResponseHeader(DefaultClientConnection.java:259) << Connection: keep-alive
2020-11-27 09:15:32 [ main:15274 ] - [ DEBUG ] org.apache.http.impl.conn.DefaultClientConnection.receiveResponseHeader(DefaultClientConnection.java:259) << Error-Code: 60011
2020-11-27 09:15:32 [ main:15278 ] - [ DEBUG ] org.apache.http.impl.conn.DefaultClientConnection.receiveResponseHeader(DefaultClientConnection.java:259) << Error-Msg: no privilege to access/modify contact/party/agent , hint: [1606439732_54_f89bc4f3f2896ccc2e5c10273912e15c], from ip: 58.247.101.198, more info at https://open.work.weixin.qq.com/devtool/query?e=60011
2020-11-27 09:15:32 [ main:15327 ] - [ DEBUG ] org.apache.http.impl.client.DefaultRequestDirector.execute(DefaultRequestDirector.java:510) Connection can be kept alive indefinitely
2020-11-27 09:15:32 [ main:15336 ] - [ DEBUG ] io.restassured.internal.http.HTTPBuilder.parseResponse(HTTPBuilder.java:544) Parsing response as: application/json; charset=UTF-8
2020-11-27 09:15:32 [ main:15341 ] - [ DEBUG ] io.restassured.internal.http.HTTPBuilder.parseResponse(HTTPBuilder.java:547) Parsed data to instance of: class org.apache.http.conn.EofSensorInputStream
2020-11-27 09:15:32 [ main:15349 ] - [ DEBUG ] org.apache.http.impl.conn.Wire.wire(Wire.java:86)  << "{"errcode":60011,"errmsg":"no privilege to access/modify contact/party/agent , hint: [1606439732_54_f89bc4f3f2896ccc2e5c10273912e15c], from ip: 58.247.101.198, more info at https://open.work.weixin.qq.com/devtool/query?e=60011"}"
2020-11-27 09:15:32 [ main:15359 ] - [ DEBUG ] org.apache.http.impl.conn.BasicClientConnectionManager.releaseConnection(BasicClientConnectionManager.java:196) Releasing connection org.apache.http.impl.conn.ManagedClientConnectionImpl@1c09bb7a
2020-11-27 09:15:32 [ main:15398 ] - [ DEBUG ] org.apache.http.impl.conn.BasicClientConnectionManager.releaseConnection(BasicClientConnectionManager.java:221) Connection can be kept alive indefinitely
HTTP/1.1 200 OK
Server: nginx
Date: Fri, 27 Nov 2020 01:15:32 GMT
Content-Type: application/json; charset=UTF-8
Content-Length: 228
Connection: keep-alive
Error-Code: 60011
Error-Msg: no privilege to access/modify contact/party/agent , hint: [1606439732_54_f89bc4f3f2896ccc2e5c10273912e15c], from ip: 58.247.101.198, more info at https://open.work.weixin.qq.com/devtool/query?e=60011

{
    "errcode": 60011,
    "errmsg": "no privilege to access/modify contact/party/agent , hint: [1606439732_54_f89bc4f3f2896ccc2e5c10273912e15c], from ip: 58.247.101.198, more info at https://open.work.weixin.qq.com/devtool/query?e=60011"
}
]]></system-out>
  </testcase>
  <testcase name="createWithChinese" classname="workweixin.DepartmentTest" time="1.813">
    <failure message="1 expectation failed.&#10;JSON path errcode doesn&apos;t match.&#10;Expected: &lt;0&gt;&#10;  Actual: 60011&#10;" type="java.lang.AssertionError"><![CDATA[java.lang.AssertionError: 
1 expectation failed.
JSON path errcode doesn't match.
Expected: <0>
  Actual: 60011

	at workweixin.DepartmentTest.createWithChinese(DepartmentTest.java:85)
]]></failure>
    <system-out><![CDATA[2020-11-27 09:15:32 [ main:15449 ] - [ INFO ] workweixin.Restful.getApiFromYaml(Restful.java:32) restful:Restful{url='https://qyapi.weixin.qq.com/cgi-bin/department/create', method='post', headers=null, query=null, body='null'}
2020-11-27 09:15:32 [ main:15516 ] - [ DEBUG ] com.jayway.jsonpath.internal.path.CompiledPath.evaluate(CompiledPath.java:47) Evaluating path: $['name']
2020-11-27 09:15:32 [ main:15527 ] - [ DEBUG ] com.jayway.jsonpath.internal.JsonContext.set(JsonContext.java:147) Set path $['name'] new value 思寒department1606439716020
2020-11-27 09:15:32 [ main:15542 ] - [ DEBUG ] com.jayway.jsonpath.internal.path.CompiledPath.evaluate(CompiledPath.java:47) Evaluating path: $['parentid']
2020-11-27 09:15:32 [ main:15548 ] - [ DEBUG ] com.jayway.jsonpath.internal.JsonContext.set(JsonContext.java:147) Set path $['parentid'] new value 1
2020-11-27 09:15:32 [ main:15561 ] - [ INFO ] workweixin.Api.updateUrl(Api.java:175) 当前环境hosts:{qyapi.weixin.qq.com=qyapi.weixin.qq.com}
Request method:	POST
Request URI:	https://qyapi.weixin.qq.com/cgi-bin/department/create?access_token=TqasCuXIkbeHiJ47yLRoDXWmAeq_4pT_Tkv_KqxDih2pZUgiUEDEiYZB-Ixw-lBqL4emkDB5P8gmUmCGBO26yiD3yt4aYxTXbLnV-ZoDREkcNOjoG6sliCUciy5dRw2u7cbExzm22m8UHOt1edOesWKacRt7B0DvK0PzG35pdTUveYnxzL3EvUuMq4QO4bd4zBm-uiKpjWWukrnr6ULQ2A&access_token=TqasCuXIkbeHiJ47yLRoDXWmAeq_4pT_Tkv_KqxDih2pZUgiUEDEiYZB-Ixw-lBqL4emkDB5P8gmUmCGBO26yiD3yt4aYxTXbLnV-ZoDREkcNOjoG6sliCUciy5dRw2u7cbExzm22m8UHOt1edOesWKacRt7B0DvK0PzG35pdTUveYnxzL3EvUuMq4QO4bd4zBm-uiKpjWWukrnr6ULQ2A
Proxy:			<none>
Request params:	<none>
Query params:	access_token=[TqasCuXIkbeHiJ47yLRoDXWmAeq_4pT_Tkv_KqxDih2pZUgiUEDEiYZB-Ixw-lBqL4emkDB5P8gmUmCGBO26yiD3yt4aYxTXbLnV-ZoDREkcNOjoG6sliCUciy5dRw2u7cbExzm22m8UHOt1edOesWKacRt7B0DvK0PzG35pdTUveYnxzL3EvUuMq4QO4bd4zBm-uiKpjWWukrnr6ULQ2A, TqasCuXIkbeHiJ47yLRoDXWmAeq_4pT_Tkv_KqxDih2pZUgiUEDEiYZB-Ixw-lBqL4emkDB5P8gmUmCGBO26yiD3yt4aYxTXbLnV-ZoDREkcNOjoG6sliCUciy5dRw2u7cbExzm22m8UHOt1edOesWKacRt7B0DvK0PzG35pdTUveYnxzL3EvUuMq4QO4bd4zBm-uiKpjWWukrnr6ULQ2A]
Form params:	<none>
Path params:	<none>
Headers:		Host=qyapi.weixin.qq.com
				Accept=*/*
				Content-Type=application/json; charset=UTF-8
Cookies:		<none>
Multiparts:		<none>
Body:
{
    "name": "思寒department1606439716020",
    "parentid": "1",
    "order": 1,
    "id": 1
}
Request method:	POST
Request URI:	https://qyapi.weixin.qq.com/cgi-bin/department/create?access_token=TqasCuXIkbeHiJ47yLRoDXWmAeq_4pT_Tkv_KqxDih2pZUgiUEDEiYZB-Ixw-lBqL4emkDB5P8gmUmCGBO26yiD3yt4aYxTXbLnV-ZoDREkcNOjoG6sliCUciy5dRw2u7cbExzm22m8UHOt1edOesWKacRt7B0DvK0PzG35pdTUveYnxzL3EvUuMq4QO4bd4zBm-uiKpjWWukrnr6ULQ2A&access_token=TqasCuXIkbeHiJ47yLRoDXWmAeq_4pT_Tkv_KqxDih2pZUgiUEDEiYZB-Ixw-lBqL4emkDB5P8gmUmCGBO26yiD3yt4aYxTXbLnV-ZoDREkcNOjoG6sliCUciy5dRw2u7cbExzm22m8UHOt1edOesWKacRt7B0DvK0PzG35pdTUveYnxzL3EvUuMq4QO4bd4zBm-uiKpjWWukrnr6ULQ2A
Proxy:			<none>
Request params:	<none>
Query params:	access_token=[TqasCuXIkbeHiJ47yLRoDXWmAeq_4pT_Tkv_KqxDih2pZUgiUEDEiYZB-Ixw-lBqL4emkDB5P8gmUmCGBO26yiD3yt4aYxTXbLnV-ZoDREkcNOjoG6sliCUciy5dRw2u7cbExzm22m8UHOt1edOesWKacRt7B0DvK0PzG35pdTUveYnxzL3EvUuMq4QO4bd4zBm-uiKpjWWukrnr6ULQ2A, TqasCuXIkbeHiJ47yLRoDXWmAeq_4pT_Tkv_KqxDih2pZUgiUEDEiYZB-Ixw-lBqL4emkDB5P8gmUmCGBO26yiD3yt4aYxTXbLnV-ZoDREkcNOjoG6sliCUciy5dRw2u7cbExzm22m8UHOt1edOesWKacRt7B0DvK0PzG35pdTUveYnxzL3EvUuMq4QO4bd4zBm-uiKpjWWukrnr6ULQ2A]
Form params:	<none>
Path params:	<none>
Headers:		Host=qyapi.weixin.qq.com
				Accept=*/*
				Content-Type=application/json; charset=UTF-8
Cookies:		<none>
Multiparts:		<none>
Body:
{
    "name": "思寒department1606439716020",
    "parentid": "1",
    "order": 1,
    "id": 1
}
2020-11-27 09:15:33 [ main:15827 ] - [ DEBUG ] org.apache.http.impl.conn.BasicClientConnectionManager.getConnection(BasicClientConnectionManager.java:158) Get connection for route {s}->https://qyapi.weixin.qq.com
2020-11-27 09:15:33 [ main:15889 ] - [ DEBUG ] org.apache.http.impl.conn.DefaultClientConnectionOperator.openConnection(DefaultClientConnectionOperator.java:174) Connecting to qyapi.weixin.qq.com:443
2020-11-27 09:15:33 [ main:16099 ] - [ DEBUG ] org.apache.http.client.protocol.RequestAddCookies.process(RequestAddCookies.java:122) CookieSpec selected: ignoreCookies
2020-11-27 09:15:33 [ main:16107 ] - [ DEBUG ] org.apache.http.client.protocol.RequestAuthCache.process(RequestAuthCache.java:75) Auth cache not set in the context
2020-11-27 09:15:33 [ main:16115 ] - [ DEBUG ] org.apache.http.client.protocol.RequestTargetAuthentication.process(RequestTargetAuthentication.java:78) Target auth state: UNCHALLENGED
2020-11-27 09:15:33 [ main:16119 ] - [ DEBUG ] org.apache.http.client.protocol.RequestProxyAuthentication.process(RequestProxyAuthentication.java:87) Proxy auth state: UNCHALLENGED
2020-11-27 09:15:33 [ main:16164 ] - [ DEBUG ] org.apache.http.impl.client.DefaultRequestDirector.tryExecute(DefaultRequestDirector.java:683) Attempt 1 to execute request
2020-11-27 09:15:33 [ main:16181 ] - [ DEBUG ] org.apache.http.impl.conn.DefaultClientConnection.sendRequestHeader(DefaultClientConnection.java:268) Sending request: POST /cgi-bin/department/create?access_token=TqasCuXIkbeHiJ47yLRoDXWmAeq_4pT_Tkv_KqxDih2pZUgiUEDEiYZB-Ixw-lBqL4emkDB5P8gmUmCGBO26yiD3yt4aYxTXbLnV-ZoDREkcNOjoG6sliCUciy5dRw2u7cbExzm22m8UHOt1edOesWKacRt7B0DvK0PzG35pdTUveYnxzL3EvUuMq4QO4bd4zBm-uiKpjWWukrnr6ULQ2A&access_token=TqasCuXIkbeHiJ47yLRoDXWmAeq_4pT_Tkv_KqxDih2pZUgiUEDEiYZB-Ixw-lBqL4emkDB5P8gmUmCGBO26yiD3yt4aYxTXbLnV-ZoDREkcNOjoG6sliCUciy5dRw2u7cbExzm22m8UHOt1edOesWKacRt7B0DvK0PzG35pdTUveYnxzL3EvUuMq4QO4bd4zBm-uiKpjWWukrnr6ULQ2A HTTP/1.1
2020-11-27 09:15:33 [ main:16262 ] - [ DEBUG ] org.apache.http.impl.conn.Wire.wire(Wire.java:72)  >> "POST /cgi-bin/department/create?access_token=TqasCuXIkbeHiJ47yLRoDXWmAeq_4pT_Tkv_KqxDih2pZUgiUEDEiYZB-Ixw-lBqL4emkDB5P8gmUmCGBO26yiD3yt4aYxTXbLnV-ZoDREkcNOjoG6sliCUciy5dRw2u7cbExzm22m8UHOt1edOesWKacRt7B0DvK0PzG35pdTUveYnxzL3EvUuMq4QO4bd4zBm-uiKpjWWukrnr6ULQ2A&access_token=TqasCuXIkbeHiJ47yLRoDXWmAeq_4pT_Tkv_KqxDih2pZUgiUEDEiYZB-Ixw-lBqL4emkDB5P8gmUmCGBO26yiD3yt4aYxTXbLnV-ZoDREkcNOjoG6sliCUciy5dRw2u7cbExzm22m8UHOt1edOesWKacRt7B0DvK0PzG35pdTUveYnxzL3EvUuMq4QO4bd4zBm-uiKpjWWukrnr6ULQ2A HTTP/1.1[\r][\n]"
2020-11-27 09:15:33 [ main:16299 ] - [ DEBUG ] org.apache.http.impl.conn.Wire.wire(Wire.java:72)  >> "Accept: */*[\r][\n]"
2020-11-27 09:15:33 [ main:16354 ] - [ DEBUG ] org.apache.http.impl.conn.Wire.wire(Wire.java:72)  >> "Host: qyapi.weixin.qq.com[\r][\n]"
2020-11-27 09:15:33 [ main:16358 ] - [ DEBUG ] org.apache.http.impl.conn.Wire.wire(Wire.java:72)  >> "Content-Type: application/json; charset=UTF-8[\r][\n]"
2020-11-27 09:15:33 [ main:16365 ] - [ DEBUG ] org.apache.http.impl.conn.Wire.wire(Wire.java:72)  >> "Content-Length: 72[\r][\n]"
2020-11-27 09:15:33 [ main:16368 ] - [ DEBUG ] org.apache.http.impl.conn.Wire.wire(Wire.java:72)  >> "Connection: Keep-Alive[\r][\n]"
2020-11-27 09:15:33 [ main:16371 ] - [ DEBUG ] org.apache.http.impl.conn.Wire.wire(Wire.java:72)  >> "User-Agent: Apache-HttpClient/4.3.6 (java 1.5)[\r][\n]"
2020-11-27 09:15:33 [ main:16435 ] - [ DEBUG ] org.apache.http.impl.conn.Wire.wire(Wire.java:72)  >> "Accept-Encoding: gzip,deflate[\r][\n]"
2020-11-27 09:15:33 [ main:16439 ] - [ DEBUG ] org.apache.http.impl.conn.Wire.wire(Wire.java:72)  >> "[\r][\n]"
2020-11-27 09:15:33 [ main:16447 ] - [ DEBUG ] org.apache.http.impl.conn.DefaultClientConnection.sendRequestHeader(DefaultClientConnection.java:272) >> POST /cgi-bin/department/create?access_token=TqasCuXIkbeHiJ47yLRoDXWmAeq_4pT_Tkv_KqxDih2pZUgiUEDEiYZB-Ixw-lBqL4emkDB5P8gmUmCGBO26yiD3yt4aYxTXbLnV-ZoDREkcNOjoG6sliCUciy5dRw2u7cbExzm22m8UHOt1edOesWKacRt7B0DvK0PzG35pdTUveYnxzL3EvUuMq4QO4bd4zBm-uiKpjWWukrnr6ULQ2A&access_token=TqasCuXIkbeHiJ47yLRoDXWmAeq_4pT_Tkv_KqxDih2pZUgiUEDEiYZB-Ixw-lBqL4emkDB5P8gmUmCGBO26yiD3yt4aYxTXbLnV-ZoDREkcNOjoG6sliCUciy5dRw2u7cbExzm22m8UHOt1edOesWKacRt7B0DvK0PzG35pdTUveYnxzL3EvUuMq4QO4bd4zBm-uiKpjWWukrnr6ULQ2A HTTP/1.1
2020-11-27 09:15:33 [ main:16493 ] - [ DEBUG ] org.apache.http.impl.conn.DefaultClientConnection.sendRequestHeader(DefaultClientConnection.java:275) >> Accept: */*
2020-11-27 09:15:33 [ main:16498 ] - [ DEBUG ] org.apache.http.impl.conn.DefaultClientConnection.sendRequestHeader(DefaultClientConnection.java:275) >> Host: qyapi.weixin.qq.com
2020-11-27 09:15:33 [ main:16508 ] - [ DEBUG ] org.apache.http.impl.conn.DefaultClientConnection.sendRequestHeader(DefaultClientConnection.java:275) >> Content-Type: application/json; charset=UTF-8
2020-11-27 09:15:33 [ main:16513 ] - [ DEBUG ] org.apache.http.impl.conn.DefaultClientConnection.sendRequestHeader(DefaultClientConnection.java:275) >> Content-Length: 72
2020-11-27 09:15:33 [ main:16525 ] - [ DEBUG ] org.apache.http.impl.conn.DefaultClientConnection.sendRequestHeader(DefaultClientConnection.java:275) >> Connection: Keep-Alive
2020-11-27 09:15:33 [ main:16580 ] - [ DEBUG ] org.apache.http.impl.conn.DefaultClientConnection.sendRequestHeader(DefaultClientConnection.java:275) >> User-Agent: Apache-HttpClient/4.3.6 (java 1.5)
2020-11-27 09:15:33 [ main:16591 ] - [ DEBUG ] org.apache.http.impl.conn.DefaultClientConnection.sendRequestHeader(DefaultClientConnection.java:275) >> Accept-Encoding: gzip,deflate
2020-11-27 09:15:33 [ main:16596 ] - [ DEBUG ] org.apache.http.impl.conn.Wire.wire(Wire.java:86)  >> "{"name":"[0xe6][0x80][0x9d][0xe5][0xaf][0x92]department1606439716020","parentid":"1","order":1,"id":1}"
2020-11-27 09:15:33 [ main:16675 ] - [ DEBUG ] org.apache.http.impl.conn.Wire.wire(Wire.java:72)  << "HTTP/1.1 200 OK[\r][\n]"
2020-11-27 09:15:33 [ main:16682 ] - [ DEBUG ] org.apache.http.impl.conn.Wire.wire(Wire.java:72)  << "Server: nginx[\r][\n]"
2020-11-27 09:15:33 [ main:16685 ] - [ DEBUG ] org.apache.http.impl.conn.Wire.wire(Wire.java:72)  << "Date: Fri, 27 Nov 2020 01:15:33 GMT[\r][\n]"
2020-11-27 09:15:33 [ main:16696 ] - [ DEBUG ] org.apache.http.impl.conn.Wire.wire(Wire.java:72)  << "Content-Type: application/json; charset=UTF-8[\r][\n]"
2020-11-27 09:15:33 [ main:16751 ] - [ DEBUG ] org.apache.http.impl.conn.Wire.wire(Wire.java:72)  << "Content-Length: 228[\r][\n]"
2020-11-27 09:15:33 [ main:16754 ] - [ DEBUG ] org.apache.http.impl.conn.Wire.wire(Wire.java:72)  << "Connection: keep-alive[\r][\n]"
2020-11-27 09:15:33 [ main:16758 ] - [ DEBUG ] org.apache.http.impl.conn.Wire.wire(Wire.java:72)  << "Error-Code: 60011[\r][\n]"
2020-11-27 09:15:33 [ main:16766 ] - [ DEBUG ] org.apache.http.impl.conn.Wire.wire(Wire.java:72)  << "Error-Msg: no privilege to access/modify contact/party/agent , hint: [1606439733_54_a5f39081b5ea5bea3252f959fca0e23a], from ip: 58.247.101.198, more info at https://open.work.weixin.qq.com/devtool/query?e=60011[\r][\n]"
2020-11-27 09:15:34 [ main:16820 ] - [ DEBUG ] org.apache.http.impl.conn.Wire.wire(Wire.java:72)  << "[\r][\n]"
2020-11-27 09:15:34 [ main:16826 ] - [ DEBUG ] org.apache.http.impl.conn.DefaultClientConnection.receiveResponseHeader(DefaultClientConnection.java:253) Receiving response: HTTP/1.1 200 OK
2020-11-27 09:15:34 [ main:16831 ] - [ DEBUG ] org.apache.http.impl.conn.DefaultClientConnection.receiveResponseHeader(DefaultClientConnection.java:256) << HTTP/1.1 200 OK
2020-11-27 09:15:34 [ main:16839 ] - [ DEBUG ] org.apache.http.impl.conn.DefaultClientConnection.receiveResponseHeader(DefaultClientConnection.java:259) << Server: nginx
2020-11-27 09:15:34 [ main:16844 ] - [ DEBUG ] org.apache.http.impl.conn.DefaultClientConnection.receiveResponseHeader(DefaultClientConnection.java:259) << Date: Fri, 27 Nov 2020 01:15:33 GMT
2020-11-27 09:15:34 [ main:16900 ] - [ DEBUG ] org.apache.http.impl.conn.DefaultClientConnection.receiveResponseHeader(DefaultClientConnection.java:259) << Content-Type: application/json; charset=UTF-8
2020-11-27 09:15:34 [ main:16912 ] - [ DEBUG ] org.apache.http.impl.conn.DefaultClientConnection.receiveResponseHeader(DefaultClientConnection.java:259) << Content-Length: 228
2020-11-27 09:15:34 [ main:16916 ] - [ DEBUG ] org.apache.http.impl.conn.DefaultClientConnection.receiveResponseHeader(DefaultClientConnection.java:259) << Connection: keep-alive
2020-11-27 09:15:34 [ main:16925 ] - [ DEBUG ] org.apache.http.impl.conn.DefaultClientConnection.receiveResponseHeader(DefaultClientConnection.java:259) << Error-Code: 60011
2020-11-27 09:15:34 [ main:16999 ] - [ DEBUG ] org.apache.http.impl.conn.DefaultClientConnection.receiveResponseHeader(DefaultClientConnection.java:259) << Error-Msg: no privilege to access/modify contact/party/agent , hint: [1606439733_54_a5f39081b5ea5bea3252f959fca0e23a], from ip: 58.247.101.198, more info at https://open.work.weixin.qq.com/devtool/query?e=60011
2020-11-27 09:15:34 [ main:17062 ] - [ DEBUG ] org.apache.http.impl.client.DefaultRequestDirector.execute(DefaultRequestDirector.java:510) Connection can be kept alive indefinitely
2020-11-27 09:15:34 [ main:17070 ] - [ DEBUG ] io.restassured.internal.http.HTTPBuilder.parseResponse(HTTPBuilder.java:544) Parsing response as: application/json; charset=UTF-8
2020-11-27 09:15:34 [ main:17075 ] - [ DEBUG ] io.restassured.internal.http.HTTPBuilder.parseResponse(HTTPBuilder.java:547) Parsed data to instance of: class org.apache.http.conn.EofSensorInputStream
2020-11-27 09:15:34 [ main:17131 ] - [ DEBUG ] org.apache.http.impl.conn.Wire.wire(Wire.java:86)  << "{"errcode":60011,"errmsg":"no privilege to access/modify contact/party/agent , hint: [1606439733_54_a5f39081b5ea5bea3252f959fca0e23a], from ip: 58.247.101.198, more info at https://open.work.weixin.qq.com/devtool/query?e=60011"}"
2020-11-27 09:15:34 [ main:17143 ] - [ DEBUG ] org.apache.http.impl.conn.BasicClientConnectionManager.releaseConnection(BasicClientConnectionManager.java:196) Releasing connection org.apache.http.impl.conn.ManagedClientConnectionImpl@f245168
2020-11-27 09:15:34 [ main:17152 ] - [ DEBUG ] org.apache.http.impl.conn.BasicClientConnectionManager.releaseConnection(BasicClientConnectionManager.java:221) Connection can be kept alive indefinitely
HTTP/1.1 200 OK
Server: nginx
Date: Fri, 27 Nov 2020 01:15:33 GMT
Content-Type: application/json; charset=UTF-8
Content-Length: 228
Connection: keep-alive
Error-Code: 60011
Error-Msg: no privilege to access/modify contact/party/agent , hint: [1606439733_54_a5f39081b5ea5bea3252f959fca0e23a], from ip: 58.247.101.198, more info at https://open.work.weixin.qq.com/devtool/query?e=60011

{
    "errcode": 60011,
    "errmsg": "no privilege to access/modify contact/party/agent , hint: [1606439733_54_a5f39081b5ea5bea3252f959fca0e23a], from ip: 58.247.101.198, more info at https://open.work.weixin.qq.com/devtool/query?e=60011"
}
]]></system-out>
  </testcase>
  <testcase name="createWithCSV" classname="workweixin.DepartmentTest" time="2.181">
    <failure message="1 expectation failed.&#10;JSON path errcode doesn&apos;t match.&#10;Expected: &lt;0&gt;&#10;  Actual: 60011&#10;" type="java.lang.AssertionError"><![CDATA[java.lang.AssertionError: 
1 expectation failed.
JSON path errcode doesn't match.
Expected: <0>
  Actual: 60011

	at workweixin.DepartmentTest.createWithCSV(DepartmentTest.java:97)
]]></failure>
    <system-out><![CDATA[2020-11-27 09:15:34 [ main:17274 ] - [ INFO ] workweixin.Restful.getApiFromYaml(Restful.java:32) restful:Restful{url='https://qyapi.weixin.qq.com/cgi-bin/department/create', method='post', headers=null, query=null, body='null'}
2020-11-27 09:15:34 [ main:17281 ] - [ DEBUG ] com.jayway.jsonpath.internal.path.CompiledPath.evaluate(CompiledPath.java:47) Evaluating path: $['name']
2020-11-27 09:15:34 [ main:17288 ] - [ DEBUG ] com.jayway.jsonpath.internal.JsonContext.set(JsonContext.java:147) Set path $['name'] new value dup1_1606439716020
2020-11-27 09:15:34 [ main:17293 ] - [ DEBUG ] com.jayway.jsonpath.internal.path.CompiledPath.evaluate(CompiledPath.java:47) Evaluating path: $['parentid']
2020-11-27 09:15:34 [ main:17304 ] - [ DEBUG ] com.jayway.jsonpath.internal.JsonContext.set(JsonContext.java:147) Set path $['parentid'] new value 1
2020-11-27 09:15:34 [ main:17358 ] - [ INFO ] workweixin.Api.updateUrl(Api.java:175) 当前环境hosts:{qyapi.weixin.qq.com=qyapi.weixin.qq.com}
Request method:	POST
Request URI:	https://qyapi.weixin.qq.com/cgi-bin/department/create?access_token=TqasCuXIkbeHiJ47yLRoDXWmAeq_4pT_Tkv_KqxDih2pZUgiUEDEiYZB-Ixw-lBqL4emkDB5P8gmUmCGBO26yiD3yt4aYxTXbLnV-ZoDREkcNOjoG6sliCUciy5dRw2u7cbExzm22m8UHOt1edOesWKacRt7B0DvK0PzG35pdTUveYnxzL3EvUuMq4QO4bd4zBm-uiKpjWWukrnr6ULQ2A&access_token=TqasCuXIkbeHiJ47yLRoDXWmAeq_4pT_Tkv_KqxDih2pZUgiUEDEiYZB-Ixw-lBqL4emkDB5P8gmUmCGBO26yiD3yt4aYxTXbLnV-ZoDREkcNOjoG6sliCUciy5dRw2u7cbExzm22m8UHOt1edOesWKacRt7B0DvK0PzG35pdTUveYnxzL3EvUuMq4QO4bd4zBm-uiKpjWWukrnr6ULQ2A
Proxy:			<none>
Request params:	<none>
Query params:	access_token=[TqasCuXIkbeHiJ47yLRoDXWmAeq_4pT_Tkv_KqxDih2pZUgiUEDEiYZB-Ixw-lBqL4emkDB5P8gmUmCGBO26yiD3yt4aYxTXbLnV-ZoDREkcNOjoG6sliCUciy5dRw2u7cbExzm22m8UHOt1edOesWKacRt7B0DvK0PzG35pdTUveYnxzL3EvUuMq4QO4bd4zBm-uiKpjWWukrnr6ULQ2A, TqasCuXIkbeHiJ47yLRoDXWmAeq_4pT_Tkv_KqxDih2pZUgiUEDEiYZB-Ixw-lBqL4emkDB5P8gmUmCGBO26yiD3yt4aYxTXbLnV-ZoDREkcNOjoG6sliCUciy5dRw2u7cbExzm22m8UHOt1edOesWKacRt7B0DvK0PzG35pdTUveYnxzL3EvUuMq4QO4bd4zBm-uiKpjWWukrnr6ULQ2A]
Form params:	<none>
Path params:	<none>
Headers:		Host=qyapi.weixin.qq.com
				Accept=*/*
				Content-Type=application/json; charset=UTF-8
Cookies:		<none>
Multiparts:		<none>
Body:
{
    "name": "dup1_1606439716020",
    "parentid": "1",
    "order": 1,
    "id": 1
}
Request method:	POST
Request URI:	https://qyapi.weixin.qq.com/cgi-bin/department/create?access_token=TqasCuXIkbeHiJ47yLRoDXWmAeq_4pT_Tkv_KqxDih2pZUgiUEDEiYZB-Ixw-lBqL4emkDB5P8gmUmCGBO26yiD3yt4aYxTXbLnV-ZoDREkcNOjoG6sliCUciy5dRw2u7cbExzm22m8UHOt1edOesWKacRt7B0DvK0PzG35pdTUveYnxzL3EvUuMq4QO4bd4zBm-uiKpjWWukrnr6ULQ2A&access_token=TqasCuXIkbeHiJ47yLRoDXWmAeq_4pT_Tkv_KqxDih2pZUgiUEDEiYZB-Ixw-lBqL4emkDB5P8gmUmCGBO26yiD3yt4aYxTXbLnV-ZoDREkcNOjoG6sliCUciy5dRw2u7cbExzm22m8UHOt1edOesWKacRt7B0DvK0PzG35pdTUveYnxzL3EvUuMq4QO4bd4zBm-uiKpjWWukrnr6ULQ2A
Proxy:			<none>
Request params:	<none>
Query params:	access_token=[TqasCuXIkbeHiJ47yLRoDXWmAeq_4pT_Tkv_KqxDih2pZUgiUEDEiYZB-Ixw-lBqL4emkDB5P8gmUmCGBO26yiD3yt4aYxTXbLnV-ZoDREkcNOjoG6sliCUciy5dRw2u7cbExzm22m8UHOt1edOesWKacRt7B0DvK0PzG35pdTUveYnxzL3EvUuMq4QO4bd4zBm-uiKpjWWukrnr6ULQ2A, TqasCuXIkbeHiJ47yLRoDXWmAeq_4pT_Tkv_KqxDih2pZUgiUEDEiYZB-Ixw-lBqL4emkDB5P8gmUmCGBO26yiD3yt4aYxTXbLnV-ZoDREkcNOjoG6sliCUciy5dRw2u7cbExzm22m8UHOt1edOesWKacRt7B0DvK0PzG35pdTUveYnxzL3EvUuMq4QO4bd4zBm-uiKpjWWukrnr6ULQ2A]
Form params:	<none>
Path params:	<none>
Headers:		Host=qyapi.weixin.qq.com
				Accept=*/*
				Content-Type=application/json; charset=UTF-8
Cookies:		<none>
Multiparts:		<none>
Body:
{
    "name": "dup1_1606439716020",
    "parentid": "1",
    "order": 1,
    "id": 1
}
2020-11-27 09:15:34 [ main:17613 ] - [ DEBUG ] org.apache.http.impl.conn.BasicClientConnectionManager.getConnection(BasicClientConnectionManager.java:158) Get connection for route {s}->https://qyapi.weixin.qq.com
2020-11-27 09:15:34 [ main:17623 ] - [ DEBUG ] org.apache.http.impl.conn.DefaultClientConnectionOperator.openConnection(DefaultClientConnectionOperator.java:174) Connecting to qyapi.weixin.qq.com:443
2020-11-27 09:15:35 [ main:17884 ] - [ DEBUG ] org.apache.http.client.protocol.RequestAddCookies.process(RequestAddCookies.java:122) CookieSpec selected: ignoreCookies
2020-11-27 09:15:35 [ main:17931 ] - [ DEBUG ] org.apache.http.client.protocol.RequestAuthCache.process(RequestAuthCache.java:75) Auth cache not set in the context
[...]
2020-11-27 09:15:45 [ main:28700 ] - [ DEBUG ] org.apache.http.impl.conn.Wire.wire(Wire.java:72)  << "Content-Length: 165[\r][\n]"
2020-11-27 09:15:45 [ main:28708 ] - [ DEBUG ] org.apache.http.impl.conn.Wire.wire(Wire.java:72)  << "Connection: keep-alive[\r][\n]"
2020-11-27 09:15:45 [ main:28712 ] - [ DEBUG ] org.apache.http.impl.conn.Wire.wire(Wire.java:72)  << "Error-Code: 0[\r][\n]"
2020-11-27 09:15:45 [ main:28717 ] - [ DEBUG ] org.apache.http.impl.conn.Wire.wire(Wire.java:72)  << "Error-Msg: ok[\r][\n]"
2020-11-27 09:15:45 [ main:28720 ] - [ DEBUG ] org.apache.http.impl.conn.Wire.wire(Wire.java:72)  << "[\r][\n]"
2020-11-27 09:15:45 [ main:28782 ] - [ DEBUG ] org.apache.http.impl.conn.DefaultClientConnection.receiveResponseHeader(DefaultClientConnection.java:253) Receiving response: HTTP/1.1 200 OK
2020-11-27 09:15:45 [ main:28792 ] - [ DEBUG ] org.apache.http.impl.conn.DefaultClientConnection.receiveResponseHeader(DefaultClientConnection.java:256) << HTTP/1.1 200 OK
2020-11-27 09:15:45 [ main:28797 ] - [ DEBUG ] org.apache.http.impl.conn.DefaultClientConnection.receiveResponseHeader(DefaultClientConnection.java:259) << Server: nginx
2020-11-27 09:15:45 [ main:28806 ] - [ DEBUG ] org.apache.http.impl.conn.DefaultClientConnection.receiveResponseHeader(DefaultClientConnection.java:259) << Date: Fri, 27 Nov 2020 01:15:45 GMT
2020-11-27 09:15:46 [ main:28811 ] - [ DEBUG ] org.apache.http.impl.conn.DefaultClientConnection.receiveResponseHeader(DefaultClientConnection.java:259) << Content-Type: application/json; charset=UTF-8
2020-11-27 09:15:46 [ main:28886 ] - [ DEBUG ] org.apache.http.impl.conn.DefaultClientConnection.receiveResponseHeader(DefaultClientConnection.java:259) << Content-Length: 165
2020-11-27 09:15:46 [ main:28896 ] - [ DEBUG ] org.apache.http.impl.conn.DefaultClientConnection.receiveResponseHeader(DefaultClientConnection.java:259) << Connection: keep-alive
2020-11-27 09:15:46 [ main:28916 ] - [ DEBUG ] org.apache.http.impl.conn.DefaultClientConnection.receiveResponseHeader(DefaultClientConnection.java:259) << Error-Code: 0
2020-11-27 09:15:46 [ main:28977 ] - [ DEBUG ] org.apache.http.impl.conn.DefaultClientConnection.receiveResponseHeader(DefaultClientConnection.java:259) << Error-Msg: ok
2020-11-27 09:15:46 [ main:28983 ] - [ DEBUG ] org.apache.http.impl.client.DefaultRequestDirector.execute(DefaultRequestDirector.java:510) Connection can be kept alive indefinitely
2020-11-27 09:15:46 [ main:28988 ] - [ DEBUG ] io.restassured.internal.http.HTTPBuilder.parseResponse(HTTPBuilder.java:544) Parsing response as: application/json; charset=UTF-8
2020-11-27 09:15:46 [ main:29025 ] - [ DEBUG ] io.restassured.internal.http.HTTPBuilder.parseResponse(HTTPBuilder.java:547) Parsed data to instance of: class org.apache.http.conn.EofSensorInputStream
2020-11-27 09:15:46 [ main:29031 ] - [ DEBUG ] org.apache.http.impl.conn.Wire.wire(Wire.java:86)  << "{"errcode":0,"errmsg":"ok","department":[{"id":33,"name":"testhome1234","parentid":1,"order":100160000},{"id":39,"name":"ningningCenterdd","parentid":33,"order":0}]}"
2020-11-27 09:15:46 [ main:29044 ] - [ DEBUG ] org.apache.http.impl.conn.BasicClientConnectionManager.releaseConnection(BasicClientConnectionManager.java:196) Releasing connection org.apache.http.impl.conn.ManagedClientConnectionImpl@3a5ffea
2020-11-27 09:15:46 [ main:29099 ] - [ DEBUG ] org.apache.http.impl.conn.BasicClientConnectionManager.releaseConnection(BasicClientConnectionManager.java:221) Connection can be kept alive indefinitely
HTTP/1.1 200 OK
Server: nginx
Date: Fri, 27 Nov 2020 01:15:45 GMT
Content-Type: application/json; charset=UTF-8
Content-Length: 165
Connection: keep-alive
Error-Code: 0
Error-Msg: ok

{
    "errcode": 0,
    "errmsg": "ok",
    "department": [
        {
            "id": 33,
            "name": "testhome1234",
            "parentid": 1,
            "order": 100160000
        },
        {
            "id": 39,
            "name": "ningningCenterdd",
            "parentid": 33,
            "order": 0
        }
    ]
}
null
2020-11-27 09:15:46 [ main:29141 ] - [ INFO ] workweixin.Restful.getApiFromYaml(Restful.java:32) restful:Restful{url='https://qyapi.weixin.qq.com/cgi-bin/department/update', method='post', headers=null, query=null, body='null'}
2020-11-27 09:15:46 [ main:29206 ] - [ DEBUG ] com.jayway.jsonpath.internal.path.CompiledPath.evaluate(CompiledPath.java:47) Evaluating path: $['name']
2020-11-27 09:15:46 [ main:29217 ] - [ DEBUG ] com.jayway.jsonpath.internal.JsonContext.set(JsonContext.java:147) Set path $['name'] new value seveniruby_d21606439716020
2020-11-27 09:15:46 [ main:29271 ] - [ DEBUG ] com.jayway.jsonpath.internal.path.CompiledPath.evaluate(CompiledPath.java:47) Evaluating path: $['id']
2020-11-27 09:15:46 [ main:29275 ] - [ DEBUG ] com.jayway.jsonpath.internal.JsonContext.set(JsonContext.java:147) Set path $['id'] new value null
2020-11-27 09:15:46 [ main:29286 ] - [ INFO ] workweixin.Api.updateUrl(Api.java:175) 当前环境hosts:{qyapi.weixin.qq.com=qyapi.weixin.qq.com}
Request method:	POST
Request URI:	https://qyapi.weixin.qq.com/cgi-bin/department/update?access_token=TqasCuXIkbeHiJ47yLRoDXWmAeq_4pT_Tkv_KqxDih2pZUgiUEDEiYZB-Ixw-lBqL4emkDB5P8gmUmCGBO26yiD3yt4aYxTXbLnV-ZoDREkcNOjoG6sliCUciy5dRw2u7cbExzm22m8UHOt1edOesWKacRt7B0DvK0PzG35pdTUveYnxzL3EvUuMq4QO4bd4zBm-uiKpjWWukrnr6ULQ2A&access_token=TqasCuXIkbeHiJ47yLRoDXWmAeq_4pT_Tkv_KqxDih2pZUgiUEDEiYZB-Ixw-lBqL4emkDB5P8gmUmCGBO26yiD3yt4aYxTXbLnV-ZoDREkcNOjoG6sliCUciy5dRw2u7cbExzm22m8UHOt1edOesWKacRt7B0DvK0PzG35pdTUveYnxzL3EvUuMq4QO4bd4zBm-uiKpjWWukrnr6ULQ2A
Proxy:			<none>
Request params:	<none>
Query params:	access_token=[TqasCuXIkbeHiJ47yLRoDXWmAeq_4pT_Tkv_KqxDih2pZUgiUEDEiYZB-Ixw-lBqL4emkDB5P8gmUmCGBO26yiD3yt4aYxTXbLnV-ZoDREkcNOjoG6sliCUciy5dRw2u7cbExzm22m8UHOt1edOesWKacRt7B0DvK0PzG35pdTUveYnxzL3EvUuMq4QO4bd4zBm-uiKpjWWukrnr6ULQ2A, TqasCuXIkbeHiJ47yLRoDXWmAeq_4pT_Tkv_KqxDih2pZUgiUEDEiYZB-Ixw-lBqL4emkDB5P8gmUmCGBO26yiD3yt4aYxTXbLnV-ZoDREkcNOjoG6sliCUciy5dRw2u7cbExzm22m8UHOt1edOesWKacRt7B0DvK0PzG35pdTUveYnxzL3EvUuMq4QO4bd4zBm-uiKpjWWukrnr6ULQ2A]
Form params:	<none>
Path params:	<none>
Headers:		Host=qyapi.weixin.qq.com
				Accept=*/*
				Content-Type=application/json; charset=UTF-8
Cookies:		<none>
Multiparts:		<none>
Body:
{
    "id": "null",
    "name": "seveniruby_d21606439716020",
    "parentid": 33,
    "order": 1
}
Request method:	POST
Request URI:	https://qyapi.weixin.qq.com/cgi-bin/department/update?access_token=TqasCuXIkbeHiJ47yLRoDXWmAeq_4pT_Tkv_KqxDih2pZUgiUEDEiYZB-Ixw-lBqL4emkDB5P8gmUmCGBO26yiD3yt4aYxTXbLnV-ZoDREkcNOjoG6sliCUciy5dRw2u7cbExzm22m8UHOt1edOesWKacRt7B0DvK0PzG35pdTUveYnxzL3EvUuMq4QO4bd4zBm-uiKpjWWukrnr6ULQ2A&access_token=TqasCuXIkbeHiJ47yLRoDXWmAeq_4pT_Tkv_KqxDih2pZUgiUEDEiYZB-Ixw-lBqL4emkDB5P8gmUmCGBO26yiD3yt4aYxTXbLnV-ZoDREkcNOjoG6sliCUciy5dRw2u7cbExzm22m8UHOt1edOesWKacRt7B0DvK0PzG35pdTUveYnxzL3EvUuMq4QO4bd4zBm-uiKpjWWukrnr6ULQ2A
Proxy:			<none>
Request params:	<none>
Query params:	access_token=[TqasCuXIkbeHiJ47yLRoDXWmAeq_4pT_Tkv_KqxDih2pZUgiUEDEiYZB-Ixw-lBqL4emkDB5P8gmUmCGBO26yiD3yt4aYxTXbLnV-ZoDREkcNOjoG6sliCUciy5dRw2u7cbExzm22m8UHOt1edOesWKacRt7B0DvK0PzG35pdTUveYnxzL3EvUuMq4QO4bd4zBm-uiKpjWWukrnr6ULQ2A, TqasCuXIkbeHiJ47yLRoDXWmAeq_4pT_Tkv_KqxDih2pZUgiUEDEiYZB-Ixw-lBqL4emkDB5P8gmUmCGBO26yiD3yt4aYxTXbLnV-ZoDREkcNOjoG6sliCUciy5dRw2u7cbExzm22m8UHOt1edOesWKacRt7B0DvK0PzG35pdTUveYnxzL3EvUuMq4QO4bd4zBm-uiKpjWWukrnr6ULQ2A]
Form params:	<none>
Path params:	<none>
Headers:		Host=qyapi.weixin.qq.com
				Accept=*/*
				Content-Type=application/json; charset=UTF-8
Cookies:		<none>
Multiparts:		<none>
Body:
{
    "id": "null",
    "name": "seveniruby_d21606439716020",
    "parentid": 33,
    "order": 1
}
2020-11-27 09:15:46 [ main:29621 ] - [ DEBUG ] org.apache.http.impl.conn.BasicClientConnectionManager.getConnection(BasicClientConnectionManager.java:158) Get connection for route {s}->https://qyapi.weixin.qq.com
2020-11-27 09:15:46 [ main:29634 ] - [ DEBUG ] org.apache.http.impl.conn.DefaultClientConnectionOperator.openConnection(DefaultClientConnectionOperator.java:174) Connecting to qyapi.weixin.qq.com:443
2020-11-27 09:15:47 [ main:29843 ] - [ DEBUG ] org.apache.http.client.protocol.RequestAddCookies.process(RequestAddCookies.java:122) CookieSpec selected: ignoreCookies
2020-11-27 09:15:47 [ main:29849 ] - [ DEBUG ] org.apache.http.client.protocol.RequestAuthCache.process(RequestAuthCache.java:75) Auth cache not set in the context
2020-11-27 09:15:47 [ main:29853 ] - [ DEBUG ] org.apache.http.client.protocol.RequestTargetAuthentication.process(RequestTargetAuthentication.java:78) Target auth state: UNCHALLENGED
2020-11-27 09:15:47 [ main:29860 ] - [ DEBUG ] org.apache.http.client.protocol.RequestProxyAuthentication.process(RequestProxyAuthentication.java:87) Proxy auth state: UNCHALLENGED
2020-11-27 09:15:47 [ main:29924 ] - [ DEBUG ] org.apache.http.impl.client.DefaultRequestDirector.tryExecute(DefaultRequestDirector.java:683) Attempt 1 to execute request
2020-11-27 09:15:47 [ main:29931 ] - [ DEBUG ] org.apache.http.impl.conn.DefaultClientConnection.sendRequestHeader(DefaultClientConnection.java:268) Sending request: POST /cgi-bin/department/update?access_token=TqasCuXIkbeHiJ47yLRoDXWmAeq_4pT_Tkv_KqxDih2pZUgiUEDEiYZB-Ixw-lBqL4emkDB5P8gmUmCGBO26yiD3yt4aYxTXbLnV-ZoDREkcNOjoG6sliCUciy5dRw2u7cbExzm22m8UHOt1edOesWKacRt7B0DvK0PzG35pdTUveYnxzL3EvUuMq4QO4bd4zBm-uiKpjWWukrnr6ULQ2A&access_token=TqasCuXIkbeHiJ47yLRoDXWmAeq_4pT_Tkv_KqxDih2pZUgiUEDEiYZB-Ixw-lBqL4emkDB5P8gmUmCGBO26yiD3yt4aYxTXbLnV-ZoDREkcNOjoG6sliCUciy5dRw2u7cbExzm22m8UHOt1edOesWKacRt7B0DvK0PzG35pdTUveYnxzL3EvUuMq4QO4bd4zBm-uiKpjWWukrnr6ULQ2A HTTP/1.1
2020-11-27 09:15:47 [ main:29954 ] - [ DEBUG ] org.apache.http.impl.conn.Wire.wire(Wire.java:72)  >> "POST /cgi-bin/department/update?access_token=TqasCuXIkbeHiJ47yLRoDXWmAeq_4pT_Tkv_KqxDih2pZUgiUEDEiYZB-Ixw-lBqL4emkDB5P8gmUmCGBO26yiD3yt4aYxTXbLnV-ZoDREkcNOjoG6sliCUciy5dRw2u7cbExzm22m8UHOt1edOesWKacRt7B0DvK0PzG35pdTUveYnxzL3EvUuMq4QO4bd4zBm-uiKpjWWukrnr6ULQ2A&access_token=TqasCuXIkbeHiJ47yLRoDXWmAeq_4pT_Tkv_KqxDih2pZUgiUEDEiYZB-Ixw-lBqL4emkDB5P8gmUmCGBO26yiD3yt4aYxTXbLnV-ZoDREkcNOjoG6sliCUciy5dRw2u7cbExzm22m8UHOt1edOesWKacRt7B0DvK0PzG35pdTUveYnxzL3EvUuMq4QO4bd4zBm-uiKpjWWukrnr6ULQ2A HTTP/1.1[\r][\n]"
2020-11-27 09:15:47 [ main:30034 ] - [ DEBUG ] org.apache.http.impl.conn.Wire.wire(Wire.java:72)  >> "Accept: */*[\r][\n]"
2020-11-27 09:15:47 [ main:30044 ] - [ DEBUG ] org.apache.http.impl.conn.Wire.wire(Wire.java:72)  >> "Host: qyapi.weixin.qq.com[\r][\n]"
2020-11-27 09:15:47 [ main:30089 ] - [ DEBUG ] org.apache.http.impl.conn.Wire.wire(Wire.java:72)  >> "Content-Type: application/json; charset=UTF-8[\r][\n]"
2020-11-27 09:15:47 [ main:30093 ] - [ DEBUG ] org.apache.http.impl.conn.Wire.wire(Wire.java:72)  >> "Content-Length: 73[\r][\n]"
2020-11-27 09:15:47 [ main:30102 ] - [ DEBUG ] org.apache.http.impl.conn.Wire.wire(Wire.java:72)  >> "Connection: Keep-Alive[\r][\n]"
2020-11-27 09:15:47 [ main:30105 ] - [ DEBUG ] org.apache.http.impl.conn.Wire.wire(Wire.java:72)  >> "User-Agent: Apache-HttpClient/4.3.6 (java 1.5)[\r][\n]"
2020-11-27 09:15:47 [ main:30116 ] - [ DEBUG ] org.apache.http.impl.conn.Wire.wire(Wire.java:72)  >> "Accept-Encoding: gzip,deflate[\r][\n]"
2020-11-27 09:15:47 [ main:30140 ] - [ DEBUG ] org.apache.http.impl.conn.Wire.wire(Wire.java:72)  >> "[\r][\n]"
2020-11-27 09:15:47 [ main:30151 ] - [ DEBUG ] org.apache.http.impl.conn.DefaultClientConnection.sendRequestHeader(DefaultClientConnection.java:272) >> POST /cgi-bin/department/update?access_token=TqasCuXIkbeHiJ47yLRoDXWmAeq_4pT_Tkv_KqxDih2pZUgiUEDEiYZB-Ixw-lBqL4emkDB5P8gmUmCGBO26yiD3yt4aYxTXbLnV-ZoDREkcNOjoG6sliCUciy5dRw2u7cbExzm22m8UHOt1edOesWKacRt7B0DvK0PzG35pdTUveYnxzL3EvUuMq4QO4bd4zBm-uiKpjWWukrnr6ULQ2A&access_token=TqasCuXIkbeHiJ47yLRoDXWmAeq_4pT_Tkv_KqxDih2pZUgiUEDEiYZB-Ixw-lBqL4emkDB5P8gmUmCGBO26yiD3yt4aYxTXbLnV-ZoDREkcNOjoG6sliCUciy5dRw2u7cbExzm22m8UHOt1edOesWKacRt7B0DvK0PzG35pdTUveYnxzL3EvUuMq4QO4bd4zBm-uiKpjWWukrnr6ULQ2A HTTP/1.1
2020-11-27 09:15:47 [ main:30177 ] - [ DEBUG ] org.apache.http.impl.conn.DefaultClientConnection.sendRequestHeader(DefaultClientConnection.java:275) >> Accept: */*
2020-11-27 09:15:47 [ main:30218 ] - [ DEBUG ] org.apache.http.impl.conn.DefaultClientConnection.sendRequestHeader(DefaultClientConnection.java:275) >> Host: qyapi.weixin.qq.com
2020-11-27 09:15:47 [ main:30228 ] - [ DEBUG ] org.apache.http.impl.conn.DefaultClientConnection.sendRequestHeader(DefaultClientConnection.java:275) >> Content-Type: application/json; charset=UTF-8
2020-11-27 09:15:47 [ main:30233 ] - [ DEBUG ] org.apache.http.impl.conn.DefaultClientConnection.sendRequestHeader(DefaultClientConnection.java:275) >> Content-Length: 73
2020-11-27 09:15:47 [ main:30244 ] - [ DEBUG ] org.apache.http.impl.conn.DefaultClientConnection.sendRequestHeader(DefaultClientConnection.java:275) >> Connection: Keep-Alive
2020-11-27 09:15:47 [ main:30299 ] - [ DEBUG ] org.apache.http.impl.conn.DefaultClientConnection.sendRequestHeader(DefaultClientConnection.java:275) >> User-Agent: Apache-HttpClient/4.3.6 (java 1.5)
2020-11-27 09:15:47 [ main:30311 ] - [ DEBUG ] org.apache.http.impl.conn.DefaultClientConnection.sendRequestHeader(DefaultClientConnection.java:275) >> Accept-Encoding: gzip,deflate
2020-11-27 09:15:47 [ main:30319 ] - [ DEBUG ] org.apache.http.impl.conn.Wire.wire(Wire.java:86)  >> "{"id":"null","name":"seveniruby_d21606439716020","parentid":33,"order":1}"
2020-11-27 09:15:47 [ main:30438 ] - [ DEBUG ] org.apache.http.impl.conn.Wire.wire(Wire.java:72)  << "HTTP/1.1 200 OK[\r][\n]"
2020-11-27 09:15:47 [ main:30481 ] - [ DEBUG ] org.apache.http.impl.conn.Wire.wire(Wire.java:72)  << "Server: nginx[\r][\n]"
2020-11-27 09:15:47 [ main:30489 ] - [ DEBUG ] org.apache.http.impl.conn.Wire.wire(Wire.java:72)  << "Date: Fri, 27 Nov 2020 01:15:47 GMT[\r][\n]"
2020-11-27 09:15:47 [ main:30496 ] - [ DEBUG ] org.apache.http.impl.conn.Wire.wire(Wire.java:72)  << "Content-Type: application/json; charset=UTF-8[\r][\n]"
2020-11-27 09:15:47 [ main:30500 ] - [ DEBUG ] org.apache.http.impl.conn.Wire.wire(Wire.java:72)  << "Content-Length: 256[\r][\n]"
2020-11-27 09:15:47 [ main:30508 ] - [ DEBUG ] org.apache.http.impl.conn.Wire.wire(Wire.java:72)  << "Connection: keep-alive[\r][\n]"
2020-11-27 09:15:47 [ main:30511 ] - [ DEBUG ] org.apache.http.impl.conn.Wire.wire(Wire.java:72)  << "Error-Code: 60011[\r][\n]"
2020-11-27 09:15:47 [ main:30515 ] - [ DEBUG ] org.apache.http.impl.conn.Wire.wire(Wire.java:72)  << "Error-Msg: Warning: wrong json format. no privilege to access/modify contact/party/agent , hint: [1606439747_54_4e69ba146a127559ae6260ee0307477c], from ip: 58.247.101.198, more info at https://open.work.weixin.qq.com/devtool/query?e=60011[\r][\n]"
2020-11-27 09:15:47 [ main:30559 ] - [ DEBUG ] org.apache.http.impl.conn.Wire.wire(Wire.java:72)  << "[\r][\n]"
2020-11-27 09:15:47 [ main:30562 ] - [ DEBUG ] org.apache.http.impl.conn.DefaultClientConnection.receiveResponseHeader(DefaultClientConnection.java:253) Receiving response: HTTP/1.1 200 OK
2020-11-27 09:15:47 [ main:30569 ] - [ DEBUG ] org.apache.http.impl.conn.DefaultClientConnection.receiveResponseHeader(DefaultClientConnection.java:256) << HTTP/1.1 200 OK
2020-11-27 09:15:47 [ main:30581 ] - [ DEBUG ] org.apache.http.impl.conn.DefaultClientConnection.receiveResponseHeader(DefaultClientConnection.java:259) << Server: nginx
2020-11-27 09:15:47 [ main:30621 ] - [ DEBUG ] org.apache.http.impl.conn.DefaultClientConnection.receiveResponseHeader(DefaultClientConnection.java:259) << Date: Fri, 27 Nov 2020 01:15:47 GMT
2020-11-27 09:15:47 [ main:30627 ] - [ DEBUG ] org.apache.http.impl.conn.DefaultClientConnection.receiveResponseHeader(DefaultClientConnection.java:259) << Content-Type: application/json; charset=UTF-8
2020-11-27 09:15:47 [ main:30636 ] - [ DEBUG ] org.apache.http.impl.conn.DefaultClientConnection.receiveResponseHeader(DefaultClientConnection.java:259) << Content-Length: 256
2020-11-27 09:15:47 [ main:30699 ] - [ DEBUG ] org.apache.http.impl.conn.DefaultClientConnection.receiveResponseHeader(DefaultClientConnection.java:259) << Connection: keep-alive
2020-11-27 09:15:47 [ main:30704 ] - [ DEBUG ] org.apache.http.impl.conn.DefaultClientConnection.receiveResponseHeader(DefaultClientConnection.java:259) << Error-Code: 60011
2020-11-27 09:15:47 [ main:30711 ] - [ DEBUG ] org.apache.http.impl.conn.DefaultClientConnection.receiveResponseHeader(DefaultClientConnection.java:259) << Error-Msg: Warning: wrong json format. no privilege to access/modify contact/party/agent , hint: [1606439747_54_4e69ba146a127559ae6260ee0307477c], from ip: 58.247.101.198, more info at https://open.work.weixin.qq.com/devtool/query?e=60011
2020-11-27 09:15:47 [ main:30778 ] - [ DEBUG ] org.apache.http.impl.client.DefaultRequestDirector.execute(DefaultRequestDirector.java:510) Connection can be kept alive indefinitely
2020-11-27 09:15:47 [ main:30783 ] - [ DEBUG ] io.restassured.internal.http.HTTPBuilder.parseResponse(HTTPBuilder.java:544) Parsing response as: application/json; charset=UTF-8
2020-11-27 09:15:47 [ main:30790 ] - [ DEBUG ] io.restassured.internal.http.HTTPBuilder.parseResponse(HTTPBuilder.java:547) Parsed data to instance of: class org.apache.http.conn.EofSensorInputStream
2020-11-27 09:15:47 [ main:30801 ] - [ DEBUG ] org.apache.http.impl.conn.Wire.wire(Wire.java:86)  << "{"errcode":60011,"errmsg":"Warning: wrong json format. no privilege to access/modify contact/party/agent , hint: [1606439747_54_4e69ba146a127559ae6260ee0307477c], from ip: 58.247.101.198, more info at https://open.work.weixin.qq.com/devtool/query?e=60011"}"
2020-11-27 09:15:48 [ main:30835 ] - [ DEBUG ] org.apache.http.impl.conn.BasicClientConnectionManager.releaseConnection(BasicClientConnectionManager.java:196) Releasing connection org.apache.http.impl.conn.ManagedClientConnectionImpl@42db3ff
2020-11-27 09:15:48 [ main:30845 ] - [ DEBUG ] org.apache.http.impl.conn.BasicClientConnectionManager.releaseConnection(BasicClientConnectionManager.java:221) Connection can be kept alive indefinitely
HTTP/1.1 200 OK
Server: nginx
Date: Fri, 27 Nov 2020 01:15:47 GMT
Content-Type: application/json; charset=UTF-8
Content-Length: 256
Connection: keep-alive
Error-Code: 60011
Error-Msg: Warning: wrong json format. no privilege to access/modify contact/party/agent , hint: [1606439747_54_4e69ba146a127559ae6260ee0307477c], from ip: 58.247.101.198, more info at https://open.work.weixin.qq.com/devtool/query?e=60011

{
    "errcode": 60011,
    "errmsg": "Warning: wrong json format. no privilege to access/modify contact/party/agent , hint: [1606439747_54_4e69ba146a127559ae6260ee0307477c], from ip: 58.247.101.198, more info at https://open.work.weixin.qq.com/devtool/query?e=60011"
}
]]></system-out>
  </testcase>
  <testcase name="updateAll" classname="workweixin.DepartmentTest" time="0.004">
    <failure type="java.lang.NullPointerException">java.lang.NullPointerException
	at workweixin.DepartmentTest.updateAll(DepartmentTest.java:135)
</failure>
  </testcase>
  <testcase name="deleteAll" classname="workweixin.DepartmentTest" time="4.024"/>
  <testcase name="TestgetDefault" classname="utils.HTTPUtilTest" time="2.706"/>
  <testcase name="Testget" classname="utils.HTTPUtilTest" time="1.779"/>
  <testcase name="TestPost" classname="utils.HTTPUtilTest" time="2.036"/>
  <testcase name="TestPostMap" classname="utils.HTTPUtilTest" time="1.991"/>
  <testcase name="TestPut" classname="utils.HTTPUtilTest" time="2.124"/>
  <testcase name="deleteApiTest" classname="utils.HTTPUtilTest" time="1.963"/>
  <testcase name="testToken" classname="work.WeWorkTest" time="0.688"/>
  <testcase name="TestGetToken" classname="work.WeWorkTest" time="0.014"/>
  <testcase name="TestgetToken" classname="work.WeWorkTest" time="0.014"/>
  <testcase name="TestLoad" classname="work.WeworkConfigTest" time="0.041"/>
  <testcase name="getInstance" classname="work.WeworkConfigTest" time="0.006"/>
</testsuite>